2024-08-02 19:32:00.532 [info] Log level: Info
2024-08-02 19:32:00.532 [info] Validating found git in: "git"
2024-08-02 19:32:00.532 [info] Using git "2.34.1" from "git"
2024-08-02 19:32:00.532 [info] > git rev-parse --show-toplevel [76ms]
2024-08-02 19:32:00.532 [info] fatal: not a git repository (or any parent up to mount point /)
Stopping at filesystem boundary (GIT_DISCOVERY_ACROSS_FILESYSTEM not set).
2024-08-02 19:32:00.532 [info] > git rev-parse --show-toplevel [13ms]
2024-08-02 19:32:00.532 [info] fatal: not a git repository (or any parent up to mount point /)
Stopping at filesystem boundary (GIT_DISCOVERY_ACROSS_FILESYSTEM not set).
2024-08-02 19:32:00.535 [info] > git rev-parse --show-toplevel [16ms]
2024-08-02 19:32:00.535 [info] fatal: not a git repository (or any parent up to mount point /)
Stopping at filesystem boundary (GIT_DISCOVERY_ACROSS_FILESYSTEM not set).
2024-08-02 19:32:00.580 [info] > git rev-parse --show-toplevel [3ms]
2024-08-02 19:32:00.580 [info] fatal: not a git repository (or any parent up to mount point /)
Stopping at filesystem boundary (GIT_DISCOVERY_ACROSS_FILESYSTEM not set).
2024-08-02 19:32:00.592 [info] > git rev-parse --show-toplevel [2ms]
2024-08-02 19:32:00.592 [info] fatal: not a git repository (or any parent up to mount point /)
Stopping at filesystem boundary (GIT_DISCOVERY_ACROSS_FILESYSTEM not set).
2024-08-02 19:32:00.697 [info] > git rev-parse --show-toplevel [1ms]
2024-08-02 19:32:00.697 [info] fatal: not a git repository (or any parent up to mount point /)
Stopping at filesystem boundary (GIT_DISCOVERY_ACROSS_FILESYSTEM not set).
2024-08-02 19:32:01.693 [info] > git rev-parse --show-toplevel [4ms]
2024-08-02 19:32:01.693 [info] fatal: not a git repository (or any parent up to mount point /)
Stopping at filesystem boundary (GIT_DISCOVERY_ACROSS_FILESYSTEM not set).
2024-08-02 19:33:50.125 [info] > git rev-parse --show-toplevel [2ms]
2024-08-02 19:33:50.125 [info] fatal: not a git repository (or any parent up to mount point /)
Stopping at filesystem boundary (GIT_DISCOVERY_ACROSS_FILESYSTEM not set).
2024-08-02 19:33:52.921 [info] > git rev-parse --show-toplevel [1ms]
2024-08-02 19:33:52.921 [info] fatal: not a git repository (or any parent up to mount point /)
Stopping at filesystem boundary (GIT_DISCOVERY_ACROSS_FILESYSTEM not set).
2024-08-02 19:33:53.652 [info] > git rev-parse --show-toplevel [1ms]
2024-08-02 19:33:53.652 [info] fatal: not a git repository (or any parent up to mount point /)
Stopping at filesystem boundary (GIT_DISCOVERY_ACROSS_FILESYSTEM not set).
2024-08-02 19:43:43.143 [info] > git rev-parse --show-toplevel [4ms]
2024-08-02 19:43:43.143 [info] fatal: not a git repository (or any parent up to mount point /)
Stopping at filesystem boundary (GIT_DISCOVERY_ACROSS_FILESYSTEM not set).
2024-08-02 19:49:00.819 [info] > git rev-parse --show-toplevel [2ms]
2024-08-02 19:49:00.819 [info] fatal: not a git repository (or any parent up to mount point /)
Stopping at filesystem boundary (GIT_DISCOVERY_ACROSS_FILESYSTEM not set).
2024-08-02 19:51:12.860 [info] > git rev-parse --show-toplevel [0ms]
2024-08-02 19:51:12.860 [info] fatal: not a git repository (or any parent up to mount point /)
Stopping at filesystem boundary (GIT_DISCOVERY_ACROSS_FILESYSTEM not set).
2024-08-02 19:51:12.863 [info] > git rev-parse --show-toplevel [1ms]
2024-08-02 19:51:12.863 [info] fatal: not a git repository (or any parent up to mount point /)
Stopping at filesystem boundary (GIT_DISCOVERY_ACROSS_FILESYSTEM not set).
2024-08-02 19:51:16.332 [info] > git rev-parse --show-toplevel [1ms]
2024-08-02 19:51:16.332 [info] fatal: not a git repository (or any parent up to mount point /)
Stopping at filesystem boundary (GIT_DISCOVERY_ACROSS_FILESYSTEM not set).
2024-08-02 19:51:27.176 [info] > git rev-parse --show-toplevel [1ms]
2024-08-02 19:51:27.176 [info] fatal: not a git repository (or any parent up to mount point /)
Stopping at filesystem boundary (GIT_DISCOVERY_ACROSS_FILESYSTEM not set).
2024-08-02 19:51:27.181 [info] > git rev-parse --show-toplevel [1ms]
2024-08-02 19:51:27.181 [info] fatal: not a git repository (or any parent up to mount point /)
Stopping at filesystem boundary (GIT_DISCOVERY_ACROSS_FILESYSTEM not set).
2024-08-02 19:51:28.882 [info] > git rev-parse --show-toplevel [0ms]
2024-08-02 19:51:28.882 [info] fatal: not a git repository (or any parent up to mount point /)
Stopping at filesystem boundary (GIT_DISCOVERY_ACROSS_FILESYSTEM not set).
2024-08-02 19:51:28.908 [info] > git rev-parse --show-toplevel [1ms]
2024-08-02 19:51:28.908 [info] fatal: not a git repository (or any parent up to mount point /)
Stopping at filesystem boundary (GIT_DISCOVERY_ACROSS_FILESYSTEM not set).
2024-08-02 19:52:03.930 [info] > git rev-parse --show-toplevel [1ms]
2024-08-02 19:52:03.930 [info] fatal: not a git repository (or any parent up to mount point /)
Stopping at filesystem boundary (GIT_DISCOVERY_ACROSS_FILESYSTEM not set).
2024-08-02 19:52:16.178 [info] > git rev-parse --show-toplevel [1ms]
2024-08-02 19:52:16.178 [info] fatal: not a git repository (or any parent up to mount point /)
Stopping at filesystem boundary (GIT_DISCOVERY_ACROSS_FILESYSTEM not set).
2024-08-02 19:52:22.165 [info] > git rev-parse --show-toplevel [2ms]
2024-08-02 19:52:22.165 [info] fatal: not a git repository (or any parent up to mount point /)
Stopping at filesystem boundary (GIT_DISCOVERY_ACROSS_FILESYSTEM not set).
2024-08-02 19:54:48.214 [info] > git rev-parse --show-toplevel [2ms]
2024-08-02 19:54:48.214 [info] fatal: not a git repository (or any parent up to mount point /)
Stopping at filesystem boundary (GIT_DISCOVERY_ACROSS_FILESYSTEM not set).
2024-08-02 19:55:52.769 [info] > git rev-parse --show-toplevel [1ms]
2024-08-02 19:55:52.769 [info] fatal: not a git repository (or any parent up to mount point /)
Stopping at filesystem boundary (GIT_DISCOVERY_ACROSS_FILESYSTEM not set).
2024-08-02 19:55:52.774 [info] > git rev-parse --show-toplevel [2ms]
2024-08-02 19:55:52.774 [info] fatal: not a git repository (or any parent up to mount point /)
Stopping at filesystem boundary (GIT_DISCOVERY_ACROSS_FILESYSTEM not set).
2024-08-02 19:55:54.690 [info] > git rev-parse --show-toplevel [2ms]
2024-08-02 19:55:54.690 [info] fatal: not a git repository (or any parent up to mount point /)
Stopping at filesystem boundary (GIT_DISCOVERY_ACROSS_FILESYSTEM not set).
2024-08-02 19:56:02.140 [info] > git rev-parse --show-toplevel [1ms]
2024-08-02 19:56:02.141 [info] fatal: not a git repository (or any parent up to mount point /)
Stopping at filesystem boundary (GIT_DISCOVERY_ACROSS_FILESYSTEM not set).
2024-08-02 19:56:02.145 [info] > git rev-parse --show-toplevel [1ms]
2024-08-02 19:56:02.145 [info] fatal: not a git repository (or any parent up to mount point /)
Stopping at filesystem boundary (GIT_DISCOVERY_ACROSS_FILESYSTEM not set).
2024-08-02 19:56:03.298 [info] > git rev-parse --show-toplevel [1ms]
2024-08-02 19:56:03.298 [info] fatal: not a git repository (or any parent up to mount point /)
Stopping at filesystem boundary (GIT_DISCOVERY_ACROSS_FILESYSTEM not set).
2024-08-02 19:56:03.328 [info] > git rev-parse --show-toplevel [2ms]
2024-08-02 19:56:03.328 [info] fatal: not a git repository (or any parent up to mount point /)
Stopping at filesystem boundary (GIT_DISCOVERY_ACROSS_FILESYSTEM not set).
2024-08-02 19:57:38.210 [info] > git rev-parse --show-toplevel [2ms]
2024-08-02 19:57:38.210 [info] fatal: not a git repository (or any parent up to mount point /)
Stopping at filesystem boundary (GIT_DISCOVERY_ACROSS_FILESYSTEM not set).
2024-08-02 19:58:18.325 [info] > git rev-parse --show-toplevel [3ms]
2024-08-02 19:58:18.325 [info] fatal: not a git repository (or any parent up to mount point /)
Stopping at filesystem boundary (GIT_DISCOVERY_ACROSS_FILESYSTEM not set).
2024-08-02 19:58:23.478 [info] > git rev-parse --show-toplevel [3ms]
2024-08-02 19:58:23.478 [info] fatal: not a git repository (or any parent up to mount point /)
Stopping at filesystem boundary (GIT_DISCOVERY_ACROSS_FILESYSTEM not set).
2024-08-02 19:58:25.480 [info] > git rev-parse --show-toplevel [1ms]
2024-08-02 19:58:25.480 [info] fatal: not a git repository (or any parent up to mount point /)
Stopping at filesystem boundary (GIT_DISCOVERY_ACROSS_FILESYSTEM not set).
2024-08-02 19:58:52.842 [info] > git rev-parse --show-toplevel [2ms]
2024-08-02 19:58:52.842 [info] fatal: not a git repository (or any parent up to mount point /)
Stopping at filesystem boundary (GIT_DISCOVERY_ACROSS_FILESYSTEM not set).
2024-08-02 20:00:45.621 [info] > git rev-parse --show-toplevel [9ms]
2024-08-02 20:00:45.621 [info] fatal: not a git repository (or any parent up to mount point /)
Stopping at filesystem boundary (GIT_DISCOVERY_ACROSS_FILESYSTEM not set).
2024-08-02 20:00:46.486 [info] > git rev-parse --show-toplevel [3ms]
2024-08-02 20:00:46.486 [info] fatal: not a git repository (or any parent up to mount point /)
Stopping at filesystem boundary (GIT_DISCOVERY_ACROSS_FILESYSTEM not set).
2024-08-02 20:00:53.155 [info] > git rev-parse --show-toplevel [1ms]
2024-08-02 20:00:53.155 [info] fatal: not a git repository (or any parent up to mount point /)
Stopping at filesystem boundary (GIT_DISCOVERY_ACROSS_FILESYSTEM not set).
2024-08-02 20:00:55.089 [info] > git rev-parse --show-toplevel [2ms]
2024-08-02 20:00:55.089 [info] fatal: not a git repository (or any parent up to mount point /)
Stopping at filesystem boundary (GIT_DISCOVERY_ACROSS_FILESYSTEM not set).
2024-08-02 20:01:49.865 [info] > git rev-parse --show-toplevel [3ms]
2024-08-02 20:01:49.865 [info] fatal: not a git repository (or any parent up to mount point /)
Stopping at filesystem boundary (GIT_DISCOVERY_ACROSS_FILESYSTEM not set).
2024-08-02 20:01:57.047 [info] > git rev-parse --show-toplevel [2ms]
2024-08-02 20:01:57.047 [info] fatal: not a git repository (or any parent up to mount point /)
Stopping at filesystem boundary (GIT_DISCOVERY_ACROSS_FILESYSTEM not set).
2024-08-02 20:02:00.151 [info] > git rev-parse --show-toplevel [1ms]
2024-08-02 20:02:00.151 [info] fatal: not a git repository (or any parent up to mount point /)
Stopping at filesystem boundary (GIT_DISCOVERY_ACROSS_FILESYSTEM not set).
2024-08-02 20:02:01.539 [info] > git rev-parse --show-toplevel [2ms]
2024-08-02 20:02:01.539 [info] fatal: not a git repository (or any parent up to mount point /)
Stopping at filesystem boundary (GIT_DISCOVERY_ACROSS_FILESYSTEM not set).
2024-08-02 20:02:04.504 [info] > git rev-parse --show-toplevel [2ms]
2024-08-02 20:02:04.504 [info] fatal: not a git repository (or any parent up to mount point /)
Stopping at filesystem boundary (GIT_DISCOVERY_ACROSS_FILESYSTEM not set).
2024-08-02 20:02:32.113 [info] > git rev-parse --show-toplevel [3ms]
2024-08-02 20:02:32.113 [info] fatal: not a git repository (or any parent up to mount point /)
Stopping at filesystem boundary (GIT_DISCOVERY_ACROSS_FILESYSTEM not set).
2024-08-02 21:12:46.371 [info] > git rev-parse --show-toplevel [30ms]
2024-08-02 21:12:46.371 [info] fatal: not a git repository (or any parent up to mount point /)
Stopping at filesystem boundary (GIT_DISCOVERY_ACROSS_FILESYSTEM not set).
2024-08-02 21:12:46.376 [info] > git rev-parse --show-toplevel [1ms]
2024-08-02 21:12:46.376 [info] fatal: not a git repository (or any parent up to mount point /)
Stopping at filesystem boundary (GIT_DISCOVERY_ACROSS_FILESYSTEM not set).
2024-08-02 21:12:49.490 [info] > git rev-parse --show-toplevel [1ms]
2024-08-02 21:12:49.490 [info] fatal: not a git repository (or any parent up to mount point /)
Stopping at filesystem boundary (GIT_DISCOVERY_ACROSS_FILESYSTEM not set).
2024-08-02 21:13:06.070 [info] > git rev-parse --show-toplevel [1ms]
2024-08-02 21:13:06.070 [info] fatal: not a git repository (or any parent up to mount point /)
Stopping at filesystem boundary (GIT_DISCOVERY_ACROSS_FILESYSTEM not set).
2024-08-02 21:13:06.075 [info] > git rev-parse --show-toplevel [1ms]
2024-08-02 21:13:06.075 [info] fatal: not a git repository (or any parent up to mount point /)
Stopping at filesystem boundary (GIT_DISCOVERY_ACROSS_FILESYSTEM not set).
2024-08-02 21:13:07.517 [info] > git rev-parse --show-toplevel [2ms]
2024-08-02 21:13:07.517 [info] fatal: not a git repository (or any parent up to mount point /)
Stopping at filesystem boundary (GIT_DISCOVERY_ACROSS_FILESYSTEM not set).
2024-08-02 21:14:11.484 [info] > git rev-parse --show-toplevel [2ms]
2024-08-02 21:14:11.484 [info] fatal: not a git repository (or any parent up to mount point /)
Stopping at filesystem boundary (GIT_DISCOVERY_ACROSS_FILESYSTEM not set).
2024-08-02 21:15:08.278 [info] > git rev-parse --show-toplevel [2ms]
2024-08-02 21:15:08.278 [info] fatal: not a git repository (or any parent up to mount point /)
Stopping at filesystem boundary (GIT_DISCOVERY_ACROSS_FILESYSTEM not set).
2024-08-02 21:16:54.144 [info] > git rev-parse --show-toplevel [2ms]
2024-08-02 21:16:54.144 [info] fatal: not a git repository (or any parent up to mount point /)
Stopping at filesystem boundary (GIT_DISCOVERY_ACROSS_FILESYSTEM not set).
2024-08-02 21:17:00.482 [info] > git rev-parse --show-toplevel [1ms]
2024-08-02 21:17:00.482 [info] fatal: not a git repository (or any parent up to mount point /)
Stopping at filesystem boundary (GIT_DISCOVERY_ACROSS_FILESYSTEM not set).
2024-08-02 21:17:45.950 [info] > git rev-parse --show-toplevel [1ms]
2024-08-02 21:17:45.950 [info] fatal: not a git repository (or any parent up to mount point /)
Stopping at filesystem boundary (GIT_DISCOVERY_ACROSS_FILESYSTEM not set).
2024-08-02 21:17:45.955 [info] > git rev-parse --show-toplevel [1ms]
2024-08-02 21:17:45.955 [info] fatal: not a git repository (or any parent up to mount point /)
Stopping at filesystem boundary (GIT_DISCOVERY_ACROSS_FILESYSTEM not set).
2024-08-02 21:17:49.019 [info] > git rev-parse --show-toplevel [3ms]
2024-08-02 21:17:49.019 [info] fatal: not a git repository (or any parent up to mount point /)
Stopping at filesystem boundary (GIT_DISCOVERY_ACROSS_FILESYSTEM not set).
2024-08-02 21:19:05.299 [info] > git rev-parse --show-toplevel [2ms]
2024-08-02 21:19:05.299 [info] fatal: not a git repository (or any parent up to mount point /)
Stopping at filesystem boundary (GIT_DISCOVERY_ACROSS_FILESYSTEM not set).
2024-08-02 21:20:49.319 [info] > git rev-parse --show-toplevel [1ms]
2024-08-02 21:20:49.319 [info] fatal: not a git repository (or any parent up to mount point /)
Stopping at filesystem boundary (GIT_DISCOVERY_ACROSS_FILESYSTEM not set).
2024-08-02 21:21:49.622 [info] > git rev-parse --show-toplevel [3ms]
2024-08-02 21:21:49.622 [info] fatal: not a git repository (or any parent up to mount point /)
Stopping at filesystem boundary (GIT_DISCOVERY_ACROSS_FILESYSTEM not set).
2024-08-02 21:22:23.542 [info] > git rev-parse --show-toplevel [1ms]
2024-08-02 21:22:23.542 [info] fatal: not a git repository (or any parent up to mount point /)
Stopping at filesystem boundary (GIT_DISCOVERY_ACROSS_FILESYSTEM not set).
2024-08-02 21:22:23.546 [info] > git rev-parse --show-toplevel [1ms]
2024-08-02 21:22:23.546 [info] fatal: not a git repository (or any parent up to mount point /)
Stopping at filesystem boundary (GIT_DISCOVERY_ACROSS_FILESYSTEM not set).
2024-08-02 21:22:53.796 [info] > git rev-parse --show-toplevel [1ms]
2024-08-02 21:22:53.796 [info] fatal: not a git repository (or any parent up to mount point /)
Stopping at filesystem boundary (GIT_DISCOVERY_ACROSS_FILESYSTEM not set).
2024-08-02 21:23:18.530 [info] > git rev-parse --show-toplevel [1ms]
2024-08-02 21:23:18.530 [info] fatal: not a git repository (or any parent up to mount point /)
Stopping at filesystem boundary (GIT_DISCOVERY_ACROSS_FILESYSTEM not set).
2024-08-02 21:23:18.536 [info] > git rev-parse --show-toplevel [1ms]
2024-08-02 21:23:18.536 [info] fatal: not a git repository (or any parent up to mount point /)
Stopping at filesystem boundary (GIT_DISCOVERY_ACROSS_FILESYSTEM not set).
2024-08-02 21:23:21.424 [info] > git rev-parse --show-toplevel [2ms]
2024-08-02 21:23:21.424 [info] fatal: not a git repository (or any parent up to mount point /)
Stopping at filesystem boundary (GIT_DISCOVERY_ACROSS_FILESYSTEM not set).
2024-08-02 21:23:43.088 [info] > git rev-parse --show-toplevel [3ms]
2024-08-02 21:23:43.088 [info] fatal: not a git repository (or any parent up to mount point /)
Stopping at filesystem boundary (GIT_DISCOVERY_ACROSS_FILESYSTEM not set).
2024-08-02 21:24:36.029 [info] > git rev-parse --show-toplevel [2ms]
2024-08-02 21:24:36.029 [info] fatal: not a git repository (or any parent up to mount point /)
Stopping at filesystem boundary (GIT_DISCOVERY_ACROSS_FILESYSTEM not set).
2024-08-02 21:24:59.889 [info] > git rev-parse --show-toplevel [4ms]
2024-08-02 21:24:59.889 [info] fatal: not a git repository (or any parent up to mount point /)
Stopping at filesystem boundary (GIT_DISCOVERY_ACROSS_FILESYSTEM not set).
2024-08-02 21:25:01.512 [info] > git rev-parse --show-toplevel [1ms]
2024-08-02 21:25:01.512 [info] fatal: not a git repository (or any parent up to mount point /)
Stopping at filesystem boundary (GIT_DISCOVERY_ACROSS_FILESYSTEM not set).
2024-08-02 21:25:02.607 [info] > git rev-parse --show-toplevel [1ms]
2024-08-02 21:25:02.608 [info] fatal: not a git repository (or any parent up to mount point /)
Stopping at filesystem boundary (GIT_DISCOVERY_ACROSS_FILESYSTEM not set).
2024-08-02 21:25:04.278 [info] > git rev-parse --show-toplevel [2ms]
2024-08-02 21:25:04.278 [info] fatal: not a git repository (or any parent up to mount point /)
Stopping at filesystem boundary (GIT_DISCOVERY_ACROSS_FILESYSTEM not set).
2024-08-02 21:25:08.890 [info] > git rev-parse --show-toplevel [2ms]
2024-08-02 21:25:08.890 [info] fatal: not a git repository (or any parent up to mount point /)
Stopping at filesystem boundary (GIT_DISCOVERY_ACROSS_FILESYSTEM not set).
2024-08-02 21:25:16.818 [info] > git rev-parse --show-toplevel [2ms]
2024-08-02 21:25:16.818 [info] fatal: not a git repository (or any parent up to mount point /)
Stopping at filesystem boundary (GIT_DISCOVERY_ACROSS_FILESYSTEM not set).
2024-08-02 21:25:42.261 [info] > git rev-parse --show-toplevel [1ms]
2024-08-02 21:25:42.261 [info] fatal: not a git repository (or any parent up to mount point /)
Stopping at filesystem boundary (GIT_DISCOVERY_ACROSS_FILESYSTEM not set).
2024-08-02 21:25:54.327 [info] > git rev-parse --show-toplevel [2ms]
2024-08-02 21:25:54.327 [info] fatal: not a git repository (or any parent up to mount point /)
Stopping at filesystem boundary (GIT_DISCOVERY_ACROSS_FILESYSTEM not set).
2024-08-02 21:26:08.616 [info] > git rev-parse --show-toplevel [1ms]
2024-08-02 21:26:08.616 [info] fatal: not a git repository (or any parent up to mount point /)
Stopping at filesystem boundary (GIT_DISCOVERY_ACROSS_FILESYSTEM not set).
2024-08-02 21:26:28.587 [info] > git rev-parse --show-toplevel [3ms]
2024-08-02 21:26:28.587 [info] fatal: not a git repository (or any parent up to mount point /)
Stopping at filesystem boundary (GIT_DISCOVERY_ACROSS_FILESYSTEM not set).
2024-08-02 21:26:29.062 [info] > git rev-parse --show-toplevel [2ms]
2024-08-02 21:26:29.062 [info] fatal: not a git repository (or any parent up to mount point /)
Stopping at filesystem boundary (GIT_DISCOVERY_ACROSS_FILESYSTEM not set).
2024-08-02 21:26:33.237 [info] > git rev-parse --show-toplevel [1ms]
2024-08-02 21:26:33.237 [info] fatal: not a git repository (or any parent up to mount point /)
Stopping at filesystem boundary (GIT_DISCOVERY_ACROSS_FILESYSTEM not set).
2024-08-02 21:26:41.794 [info] > git rev-parse --show-toplevel [2ms]
2024-08-02 21:26:41.794 [info] fatal: not a git repository (or any parent up to mount point /)
Stopping at filesystem boundary (GIT_DISCOVERY_ACROSS_FILESYSTEM not set).
2024-08-02 21:26:48.931 [info] > git rev-parse --show-toplevel [1ms]
2024-08-02 21:26:48.932 [info] fatal: not a git repository (or any parent up to mount point /)
Stopping at filesystem boundary (GIT_DISCOVERY_ACROSS_FILESYSTEM not set).
2024-08-02 21:26:50.016 [info] > git rev-parse --show-toplevel [2ms]
2024-08-02 21:26:50.016 [info] fatal: not a git repository (or any parent up to mount point /)
Stopping at filesystem boundary (GIT_DISCOVERY_ACROSS_FILESYSTEM not set).
2024-08-02 21:27:32.623 [info] > git rev-parse --show-toplevel [2ms]
2024-08-02 21:27:32.623 [info] fatal: not a git repository (or any parent up to mount point /)
Stopping at filesystem boundary (GIT_DISCOVERY_ACROSS_FILESYSTEM not set).
2024-08-02 21:27:32.628 [info] > git rev-parse --show-toplevel [1ms]
2024-08-02 21:27:32.628 [info] fatal: not a git repository (or any parent up to mount point /)
Stopping at filesystem boundary (GIT_DISCOVERY_ACROSS_FILESYSTEM not set).
2024-08-02 21:27:36.600 [info] > git rev-parse --show-toplevel [1ms]
2024-08-02 21:27:36.600 [info] fatal: not a git repository (or any parent up to mount point /)
Stopping at filesystem boundary (GIT_DISCOVERY_ACROSS_FILESYSTEM not set).
2024-08-02 21:28:08.615 [info] > git rev-parse --show-toplevel [1ms]
2024-08-02 21:28:08.615 [info] fatal: not a git repository (or any parent up to mount point /)
Stopping at filesystem boundary (GIT_DISCOVERY_ACROSS_FILESYSTEM not set).
2024-08-02 21:29:31.673 [info] > git rev-parse --show-toplevel [2ms]
2024-08-02 21:29:31.673 [info] fatal: not a git repository (or any parent up to mount point /)
Stopping at filesystem boundary (GIT_DISCOVERY_ACROSS_FILESYSTEM not set).
2024-08-02 21:29:44.511 [info] > git rev-parse --show-toplevel [1ms]
2024-08-02 21:29:44.511 [info] fatal: not a git repository (or any parent up to mount point /)
Stopping at filesystem boundary (GIT_DISCOVERY_ACROSS_FILESYSTEM not set).
2024-08-02 21:30:35.582 [info] > git rev-parse --show-toplevel [1ms]
2024-08-02 21:30:35.582 [info] fatal: not a git repository (or any parent up to mount point /)
Stopping at filesystem boundary (GIT_DISCOVERY_ACROSS_FILESYSTEM not set).
2024-08-02 21:33:35.621 [info] > git rev-parse --show-toplevel [1ms]
2024-08-02 21:33:35.622 [info] fatal: not a git repository (or any parent up to mount point /)
Stopping at filesystem boundary (GIT_DISCOVERY_ACROSS_FILESYSTEM not set).
2024-08-02 21:35:45.198 [info] > git rev-parse --show-toplevel [2ms]
2024-08-02 21:35:45.198 [info] fatal: not a git repository (or any parent up to mount point /)
Stopping at filesystem boundary (GIT_DISCOVERY_ACROSS_FILESYSTEM not set).
2024-08-02 21:38:00.493 [info] > git rev-parse --show-toplevel [2ms]
2024-08-02 21:38:00.493 [info] fatal: not a git repository (or any parent up to mount point /)
Stopping at filesystem boundary (GIT_DISCOVERY_ACROSS_FILESYSTEM not set).
