2024-08-02 19:20:34.031 [info] Uninstalling extension from the profile: blackboxapp.blackbox@1.3.69 vscode-userdata:/root/.vscode/extensions/extensions.json
2024-08-02 19:20:34.053 [info] Marked extension as uninstalled blackboxapp.blackbox-1.3.69
2024-08-02 19:20:34.135 [error] [uncaught exception in sharedProcess]: Error: ENOENT: no such file or directory, stat '/root/.vscode/extensions/extensions.json.vsctmp': EntryNotFound (FileSystemError): Error: ENOENT: no such file or directory, stat '/root/.vscode/extensions/extensions.json.vsctmp'
    at h.create (/usr/share/code/resources/app/out/vs/code/node/sharedProcess/sharedProcessMain.js:54:19262)
    at f (/usr/share/code/resources/app/out/vs/code/node/sharedProcess/sharedProcessMain.js:54:19372)
    at P.hb (/usr/share/code/resources/app/out/vs/code/node/sharedProcess/sharedProcessMain.js:59:36571)
    at P.stat (/usr/share/code/resources/app/out/vs/code/node/sharedProcess/sharedProcessMain.js:59:28919)
    at async s.stat (/usr/share/code/resources/app/out/vs/code/node/sharedProcess/sharedProcessMain.js:59:14907)
    at async V.vb (/usr/share/code/resources/app/out/vs/code/node/sharedProcess/sharedProcessMain.js:105:119283)
2024-08-02 19:20:34.481 [info] Successfully uninstalled extension from the profile blackboxapp.blackbox@1.3.69 vscode-userdata:/root/.vscode/extensions/extensions.json
2024-08-02 19:20:36.865 [info] Getting Manifest... blackboxapp.blackbox
2024-08-02 19:20:36.908 [info] Installing extension: blackboxapp.blackbox {"isMachineScoped":false,"installPreReleaseVersion":false,"pinned":false,"productVersion":{"version":"1.92.0","date":"2024-07-31T23:26:07.928Z"},"isApplicationScoped":false,"profileLocation":{"$mid":1,"external":"vscode-userdata:/root/.vscode/extensions/extensions.json","path":"/root/.vscode/extensions/extensions.json","scheme":"vscode-userdata"},"installOnlyNewlyAddedFromExtensionPack":true}
2024-08-02 19:20:36.941 [info] Removed the extension from uninstalled list: blackboxapp.blackbox
2024-08-02 19:20:36.990 [info] Extension installed successfully: blackboxapp.blackbox vscode-userdata:/root/.vscode/extensions/extensions.json
2024-08-02 19:20:37.022 [error] [uncaught exception in sharedProcess]: Error: ENOENT: no such file or directory, stat '/root/.vscode/extensions/extensions.json.vsctmp': EntryNotFound (FileSystemError): Error: ENOENT: no such file or directory, stat '/root/.vscode/extensions/extensions.json.vsctmp'
    at h.create (/usr/share/code/resources/app/out/vs/code/node/sharedProcess/sharedProcessMain.js:54:19262)
    at f (/usr/share/code/resources/app/out/vs/code/node/sharedProcess/sharedProcessMain.js:54:19372)
    at P.hb (/usr/share/code/resources/app/out/vs/code/node/sharedProcess/sharedProcessMain.js:59:36571)
    at P.stat (/usr/share/code/resources/app/out/vs/code/node/sharedProcess/sharedProcessMain.js:59:28919)
    at async s.stat (/usr/share/code/resources/app/out/vs/code/node/sharedProcess/sharedProcessMain.js:59:14907)
    at async V.vb (/usr/share/code/resources/app/out/vs/code/node/sharedProcess/sharedProcessMain.js:105:119283)
2024-08-02 19:20:39.565 [info] Uninstalling extension from the profile: blackboxapp.blackbox@1.3.69 vscode-userdata:/root/.vscode/extensions/extensions.json
2024-08-02 19:20:39.598 [info] Marked extension as uninstalled blackboxapp.blackbox-1.3.69
2024-08-02 19:20:39.659 [error] [uncaught exception in sharedProcess]: Error: ENOENT: no such file or directory, stat '/root/.vscode/extensions/extensions.json.vsctmp': EntryNotFound (FileSystemError): Error: ENOENT: no such file or directory, stat '/root/.vscode/extensions/extensions.json.vsctmp'
    at h.create (/usr/share/code/resources/app/out/vs/code/node/sharedProcess/sharedProcessMain.js:54:19262)
    at f (/usr/share/code/resources/app/out/vs/code/node/sharedProcess/sharedProcessMain.js:54:19372)
    at P.hb (/usr/share/code/resources/app/out/vs/code/node/sharedProcess/sharedProcessMain.js:59:36571)
    at P.stat (/usr/share/code/resources/app/out/vs/code/node/sharedProcess/sharedProcessMain.js:59:28919)
    at async s.stat (/usr/share/code/resources/app/out/vs/code/node/sharedProcess/sharedProcessMain.js:59:14907)
    at async V.vb (/usr/share/code/resources/app/out/vs/code/node/sharedProcess/sharedProcessMain.js:105:119283)
2024-08-02 19:20:39.889 [info] Successfully uninstalled extension from the profile blackboxapp.blackbox@1.3.69 vscode-userdata:/root/.vscode/extensions/extensions.json
2024-08-02 19:20:41.285 [info] Getting Manifest... blackboxapp.blackbox
2024-08-02 19:20:41.294 [info] Installing extension: blackboxapp.blackbox {"isMachineScoped":false,"installPreReleaseVersion":false,"pinned":false,"productVersion":{"version":"1.92.0","date":"2024-07-31T23:26:07.928Z"},"isApplicationScoped":false,"profileLocation":{"$mid":1,"external":"vscode-userdata:/root/.vscode/extensions/extensions.json","path":"/root/.vscode/extensions/extensions.json","scheme":"vscode-userdata"},"installOnlyNewlyAddedFromExtensionPack":true}
2024-08-02 19:20:41.326 [info] Removed the extension from uninstalled list: blackboxapp.blackbox
2024-08-02 19:20:41.345 [info] Extension installed successfully: blackboxapp.blackbox vscode-userdata:/root/.vscode/extensions/extensions.json
2024-08-02 19:20:41.405 [error] [uncaught exception in sharedProcess]: Error: ENOENT: no such file or directory, stat '/root/.vscode/extensions/extensions.json.vsctmp': EntryNotFound (FileSystemError): Error: ENOENT: no such file or directory, stat '/root/.vscode/extensions/extensions.json.vsctmp'
    at h.create (/usr/share/code/resources/app/out/vs/code/node/sharedProcess/sharedProcessMain.js:54:19262)
    at f (/usr/share/code/resources/app/out/vs/code/node/sharedProcess/sharedProcessMain.js:54:19372)
    at P.hb (/usr/share/code/resources/app/out/vs/code/node/sharedProcess/sharedProcessMain.js:59:36571)
    at P.stat (/usr/share/code/resources/app/out/vs/code/node/sharedProcess/sharedProcessMain.js:59:28919)
    at async s.stat (/usr/share/code/resources/app/out/vs/code/node/sharedProcess/sharedProcessMain.js:59:14907)
    at async V.vb (/usr/share/code/resources/app/out/vs/code/node/sharedProcess/sharedProcessMain.js:105:119283)
