2024-08-02 13:02:39.425 [info] Extension host with pid 3234 started
2024-08-02 13:02:39.425 [info] Skipping acquiring lock for /home/abhishek_asgola/Nap_Queens/~/vscode-root/User/workspaceStorage/693144f5ad7a5080f7136ba7bd8d7bcc.
2024-08-02 13:02:39.561 [info] ExtensionService#_doActivateExtension vscode.emmet, startup: false, activationEvent: 'onLanguage'
2024-08-02 13:02:39.567 [info] ExtensionService#_doActivateExtension vscode.typescript-language-features, startup: false, activationEvent: 'onLanguage:typescript'
2024-08-02 13:02:39.829 [info] ExtensionService#_doActivateExtension vscode.git-base, startup: true, activationEvent: '*', root cause: vscode.git
2024-08-02 13:02:39.854 [info] ExtensionService#_doActivateExtension vscode.git, startup: true, activationEvent: '*'
2024-08-02 13:02:39.876 [info] ExtensionService#_doActivateExtension vscode.github, startup: true, activationEvent: '*'
2024-08-02 13:02:39.913 [info] Eager extensions activated
2024-08-02 13:02:39.966 [info] ExtensionService#_doActivateExtension vscode.debug-auto-launch, startup: false, activationEvent: 'onStartupFinished'
2024-08-02 13:02:39.968 [info] ExtensionService#_doActivateExtension vscode.merge-conflict, startup: false, activationEvent: 'onStartupFinished'
2024-08-02 13:07:20.692 [info] ExtensionService#_doActivateExtension Blackboxapp.blackbox, startup: false, activationEvent: '*'
2024-08-02 13:12:48.806 [info] ExtensionService#_doActivateExtension vscode.configuration-editing, startup: false, activationEvent: 'onLanguage:json'
2024-08-02 13:12:48.812 [info] ExtensionService#_doActivateExtension vscode.extension-editing, startup: false, activationEvent: 'onLanguage:json'
2024-08-02 13:12:48.819 [info] ExtensionService#_doActivateExtension vscode.json-language-features, startup: false, activationEvent: 'onLanguage:json'
2024-08-02 13:12:48.838 [info] ExtensionService#_doActivateExtension vscode.npm, startup: false, activationEvent: 'onLanguage:json'
2024-08-02 13:21:36.153 [error] TypeError: Cannot read properties of undefined (reading 'webview')
	at n.value (/root/.vscode/extensions/blackboxapp.blackbox-1.3.69/out/extension.js:5893:17)
	at r.B (/usr/share/code/resources/app/out/vs/workbench/api/node/extensionHostProcess.js:83:737)
	at r.C (/usr/share/code/resources/app/out/vs/workbench/api/node/extensionHostProcess.js:83:807)
	at r.fire (/usr/share/code/resources/app/out/vs/workbench/api/node/extensionHostProcess.js:83:1023)
	at w.$onMessage (/usr/share/code/resources/app/out/vs/workbench/api/node/extensionHostProcess.js:146:19346)
	at S (/usr/share/code/resources/app/out/vs/workbench/api/node/extensionHostProcess.js:151:5986)
	at S.Q (/usr/share/code/resources/app/out/vs/workbench/api/node/extensionHostProcess.js:151:5752)
	at S.M (/usr/share/code/resources/app/out/vs/workbench/api/node/extensionHostProcess.js:151:4778)
	at S.L (/usr/share/code/resources/app/out/vs/workbench/api/node/extensionHostProcess.js:151:3830)
	at n.value (/usr/share/code/resources/app/out/vs/workbench/api/node/extensionHostProcess.js:151:2297)
	at r.B (/usr/share/code/resources/app/out/vs/workbench/api/node/extensionHostProcess.js:83:737)
	at r.fire (/usr/share/code/resources/app/out/vs/workbench/api/node/extensionHostProcess.js:83:954)
	at o.fire (/usr/share/code/resources/app/out/vs/workbench/api/node/extensionHostProcess.js:108:14502)
	at n.value (/usr/share/code/resources/app/out/vs/workbench/api/node/extensionHostProcess.js:177:8639)
	at r.B (/usr/share/code/resources/app/out/vs/workbench/api/node/extensionHostProcess.js:83:737)
	at r.fire (/usr/share/code/resources/app/out/vs/workbench/api/node/extensionHostProcess.js:83:954)
	at o.fire (/usr/share/code/resources/app/out/vs/workbench/api/node/extensionHostProcess.js:108:14502)
	at MessagePortMain.<anonymous> (/usr/share/code/resources/app/out/vs/workbench/api/node/extensionHostProcess.js:177:6765)
	at MessagePortMain.emit (node:events:514:28)
	at MessagePortMain._internalPort.emit (node:electron/js2c/utility_init:2:2285)
2024-08-02 13:22:14.600 [error] TypeError: Cannot read properties of undefined (reading 'webview')
	at n.value (/root/.vscode/extensions/blackboxapp.blackbox-1.3.69/out/extension.js:5893:17)
	at r.B (/usr/share/code/resources/app/out/vs/workbench/api/node/extensionHostProcess.js:83:737)
	at r.C (/usr/share/code/resources/app/out/vs/workbench/api/node/extensionHostProcess.js:83:807)
	at r.fire (/usr/share/code/resources/app/out/vs/workbench/api/node/extensionHostProcess.js:83:1023)
	at w.$onMessage (/usr/share/code/resources/app/out/vs/workbench/api/node/extensionHostProcess.js:146:19346)
	at S (/usr/share/code/resources/app/out/vs/workbench/api/node/extensionHostProcess.js:151:5986)
	at S.Q (/usr/share/code/resources/app/out/vs/workbench/api/node/extensionHostProcess.js:151:5752)
	at S.M (/usr/share/code/resources/app/out/vs/workbench/api/node/extensionHostProcess.js:151:4778)
	at S.L (/usr/share/code/resources/app/out/vs/workbench/api/node/extensionHostProcess.js:151:3830)
	at n.value (/usr/share/code/resources/app/out/vs/workbench/api/node/extensionHostProcess.js:151:2297)
	at r.B (/usr/share/code/resources/app/out/vs/workbench/api/node/extensionHostProcess.js:83:737)
	at r.fire (/usr/share/code/resources/app/out/vs/workbench/api/node/extensionHostProcess.js:83:954)
	at o.fire (/usr/share/code/resources/app/out/vs/workbench/api/node/extensionHostProcess.js:108:14502)
	at n.value (/usr/share/code/resources/app/out/vs/workbench/api/node/extensionHostProcess.js:177:8639)
	at r.B (/usr/share/code/resources/app/out/vs/workbench/api/node/extensionHostProcess.js:83:737)
	at r.fire (/usr/share/code/resources/app/out/vs/workbench/api/node/extensionHostProcess.js:83:954)
	at o.fire (/usr/share/code/resources/app/out/vs/workbench/api/node/extensionHostProcess.js:108:14502)
	at MessagePortMain.<anonymous> (/usr/share/code/resources/app/out/vs/workbench/api/node/extensionHostProcess.js:177:6765)
	at MessagePortMain.emit (node:events:514:28)
	at MessagePortMain._internalPort.emit (node:electron/js2c/utility_init:2:2285)
2024-08-02 13:22:39.714 [error] TypeError: Cannot read properties of undefined (reading 'webview')
	at n.value (/root/.vscode/extensions/blackboxapp.blackbox-1.3.69/out/extension.js:5893:17)
	at r.B (/usr/share/code/resources/app/out/vs/workbench/api/node/extensionHostProcess.js:83:737)
	at r.C (/usr/share/code/resources/app/out/vs/workbench/api/node/extensionHostProcess.js:83:807)
	at r.fire (/usr/share/code/resources/app/out/vs/workbench/api/node/extensionHostProcess.js:83:1023)
	at w.$onMessage (/usr/share/code/resources/app/out/vs/workbench/api/node/extensionHostProcess.js:146:19346)
	at S (/usr/share/code/resources/app/out/vs/workbench/api/node/extensionHostProcess.js:151:5986)
	at S.Q (/usr/share/code/resources/app/out/vs/workbench/api/node/extensionHostProcess.js:151:5752)
	at S.M (/usr/share/code/resources/app/out/vs/workbench/api/node/extensionHostProcess.js:151:4778)
	at S.L (/usr/share/code/resources/app/out/vs/workbench/api/node/extensionHostProcess.js:151:3830)
	at n.value (/usr/share/code/resources/app/out/vs/workbench/api/node/extensionHostProcess.js:151:2297)
	at r.B (/usr/share/code/resources/app/out/vs/workbench/api/node/extensionHostProcess.js:83:737)
	at r.fire (/usr/share/code/resources/app/out/vs/workbench/api/node/extensionHostProcess.js:83:954)
	at o.fire (/usr/share/code/resources/app/out/vs/workbench/api/node/extensionHostProcess.js:108:14502)
	at n.value (/usr/share/code/resources/app/out/vs/workbench/api/node/extensionHostProcess.js:177:8639)
	at r.B (/usr/share/code/resources/app/out/vs/workbench/api/node/extensionHostProcess.js:83:737)
	at r.fire (/usr/share/code/resources/app/out/vs/workbench/api/node/extensionHostProcess.js:83:954)
	at o.fire (/usr/share/code/resources/app/out/vs/workbench/api/node/extensionHostProcess.js:108:14502)
	at MessagePortMain.<anonymous> (/usr/share/code/resources/app/out/vs/workbench/api/node/extensionHostProcess.js:177:6765)
	at MessagePortMain.emit (node:events:514:28)
	at MessagePortMain._internalPort.emit (node:electron/js2c/utility_init:2:2285)
2024-08-02 13:22:54.332 [error] TypeError: Cannot read properties of undefined (reading 'webview')
	at n.value (/root/.vscode/extensions/blackboxapp.blackbox-1.3.69/out/extension.js:5893:17)
	at r.B (/usr/share/code/resources/app/out/vs/workbench/api/node/extensionHostProcess.js:83:737)
	at r.C (/usr/share/code/resources/app/out/vs/workbench/api/node/extensionHostProcess.js:83:807)
	at r.fire (/usr/share/code/resources/app/out/vs/workbench/api/node/extensionHostProcess.js:83:1023)
	at w.$onMessage (/usr/share/code/resources/app/out/vs/workbench/api/node/extensionHostProcess.js:146:19346)
	at S (/usr/share/code/resources/app/out/vs/workbench/api/node/extensionHostProcess.js:151:5986)
	at S.Q (/usr/share/code/resources/app/out/vs/workbench/api/node/extensionHostProcess.js:151:5752)
	at S.M (/usr/share/code/resources/app/out/vs/workbench/api/node/extensionHostProcess.js:151:4778)
	at S.L (/usr/share/code/resources/app/out/vs/workbench/api/node/extensionHostProcess.js:151:3830)
	at n.value (/usr/share/code/resources/app/out/vs/workbench/api/node/extensionHostProcess.js:151:2297)
	at r.B (/usr/share/code/resources/app/out/vs/workbench/api/node/extensionHostProcess.js:83:737)
	at r.fire (/usr/share/code/resources/app/out/vs/workbench/api/node/extensionHostProcess.js:83:954)
	at o.fire (/usr/share/code/resources/app/out/vs/workbench/api/node/extensionHostProcess.js:108:14502)
	at n.value (/usr/share/code/resources/app/out/vs/workbench/api/node/extensionHostProcess.js:177:8639)
	at r.B (/usr/share/code/resources/app/out/vs/workbench/api/node/extensionHostProcess.js:83:737)
	at r.fire (/usr/share/code/resources/app/out/vs/workbench/api/node/extensionHostProcess.js:83:954)
	at o.fire (/usr/share/code/resources/app/out/vs/workbench/api/node/extensionHostProcess.js:108:14502)
	at MessagePortMain.<anonymous> (/usr/share/code/resources/app/out/vs/workbench/api/node/extensionHostProcess.js:177:6765)
	at MessagePortMain.emit (node:events:514:28)
	at MessagePortMain._internalPort.emit (node:electron/js2c/utility_init:2:2285)
2024-08-02 13:23:17.612 [error] TypeError: Cannot read properties of undefined (reading 'document')
	at Timeout._onTimeout (/root/.vscode/extensions/blackboxapp.blackbox-1.3.69/out/extension.js:1121:38)
	at listOnTimeout (node:internal/timers:573:17)
	at process.processTimers (node:internal/timers:514:7)
2024-08-02 16:58:17.185 [error] TypeError: Cannot read properties of undefined (reading 'save')
	at Timeout._onTimeout (/root/.vscode/extensions/blackboxapp.blackbox-1.3.69/out/extension.js:1255:24)
	at listOnTimeout (node:internal/timers:573:17)
	at process.processTimers (node:internal/timers:514:7)
2024-08-02 18:59:29.020 [error] TypeError: Cannot read properties of undefined (reading 'document')
	at Timeout._onTimeout (/root/.vscode/extensions/blackboxapp.blackbox-1.3.69/out/extension.js:1121:38)
	at listOnTimeout (node:internal/timers:573:17)
	at process.processTimers (node:internal/timers:514:7)
2024-08-02 19:15:25.816 [error] TypeError: Cannot read properties of undefined (reading 'webview')
	at n.value (/root/.vscode/extensions/blackboxapp.blackbox-1.3.69/out/extension.js:5893:17)
	at r.B (/usr/share/code/resources/app/out/vs/workbench/api/node/extensionHostProcess.js:83:737)
	at r.C (/usr/share/code/resources/app/out/vs/workbench/api/node/extensionHostProcess.js:83:807)
	at r.fire (/usr/share/code/resources/app/out/vs/workbench/api/node/extensionHostProcess.js:83:1023)
	at w.$onMessage (/usr/share/code/resources/app/out/vs/workbench/api/node/extensionHostProcess.js:146:19346)
	at S (/usr/share/code/resources/app/out/vs/workbench/api/node/extensionHostProcess.js:151:5986)
	at S.Q (/usr/share/code/resources/app/out/vs/workbench/api/node/extensionHostProcess.js:151:5752)
	at S.M (/usr/share/code/resources/app/out/vs/workbench/api/node/extensionHostProcess.js:151:4778)
	at S.L (/usr/share/code/resources/app/out/vs/workbench/api/node/extensionHostProcess.js:151:3830)
	at n.value (/usr/share/code/resources/app/out/vs/workbench/api/node/extensionHostProcess.js:151:2297)
	at r.B (/usr/share/code/resources/app/out/vs/workbench/api/node/extensionHostProcess.js:83:737)
	at r.fire (/usr/share/code/resources/app/out/vs/workbench/api/node/extensionHostProcess.js:83:954)
	at o.fire (/usr/share/code/resources/app/out/vs/workbench/api/node/extensionHostProcess.js:108:14502)
	at n.value (/usr/share/code/resources/app/out/vs/workbench/api/node/extensionHostProcess.js:177:8639)
	at r.B (/usr/share/code/resources/app/out/vs/workbench/api/node/extensionHostProcess.js:83:737)
	at r.fire (/usr/share/code/resources/app/out/vs/workbench/api/node/extensionHostProcess.js:83:954)
	at o.fire (/usr/share/code/resources/app/out/vs/workbench/api/node/extensionHostProcess.js:108:14502)
	at MessagePortMain.<anonymous> (/usr/share/code/resources/app/out/vs/workbench/api/node/extensionHostProcess.js:177:6765)
	at MessagePortMain.emit (node:events:514:28)
	at MessagePortMain._internalPort.emit (node:electron/js2c/utility_init:2:2285)
2024-08-02 19:17:53.576 [info] Extension host terminating: renderer closed the MessagePort
2024-08-02 19:17:53.610 [info] Extension host with pid 3234 exiting with code 0
