2024-08-02 19:31:59.445 [info] Extension host with pid 20207 started
2024-08-02 19:31:59.445 [info] Skipping acquiring lock for /home/abhishek_asgola/Nap_Queens/Backend/~/vscode-root/User/workspaceStorage/b7cc165bf2699ae5cfac7ad3e3ad1374.
2024-08-02 19:31:59.571 [info] ExtensionService#_doActivateExtension vscode.emmet, startup: false, activationEvent: 'onLanguage'
2024-08-02 19:31:59.578 [info] ExtensionService#_doActivateExtension vscode.typescript-language-features, startup: false, activationEvent: 'onLanguage:typescript'
2024-08-02 19:32:00.014 [info] ExtensionService#_doActivateExtension vscode.git-base, startup: true, activationEvent: '*', root cause: vscode.git
2024-08-02 19:32:00.016 [info] ExtensionService#_doActivateExtension Blackboxapp.blackbox, startup: true, activationEvent: '*'
2024-08-02 19:32:00.129 [info] ExtensionService#_doActivateExtension vscode.npm, startup: true, activationEvent: 'workspaceContains:package.json'
2024-08-02 19:32:00.206 [info] ExtensionService#_doActivateExtension vscode.git, startup: true, activationEvent: '*'
2024-08-02 19:32:00.244 [info] ExtensionService#_doActivateExtension vscode.github, startup: true, activationEvent: '*'
2024-08-02 19:32:00.371 [info] Eager extensions activated
2024-08-02 19:32:00.465 [info] ExtensionService#_doActivateExtension vscode.debug-auto-launch, startup: false, activationEvent: 'onStartupFinished'
2024-08-02 19:32:00.468 [info] ExtensionService#_doActivateExtension vscode.merge-conflict, startup: false, activationEvent: 'onStartupFinished'
2024-08-02 19:33:52.945 [info] ExtensionService#_doActivateExtension vscode.configuration-editing, startup: false, activationEvent: 'onLanguage:json'
2024-08-02 19:33:52.956 [info] ExtensionService#_doActivateExtension vscode.extension-editing, startup: false, activationEvent: 'onLanguage:json'
2024-08-02 19:33:52.967 [info] ExtensionService#_doActivateExtension vscode.json-language-features, startup: false, activationEvent: 'onLanguage:json'
2024-08-02 19:51:51.710 [error] TypeError: Cannot read properties of undefined (reading 'save')
	at Timeout._onTimeout (/root/.vscode/extensions/blackboxapp.blackbox-1.3.69/out/extension.js:1255:24)
	at listOnTimeout (node:internal/timers:573:17)
	at process.processTimers (node:internal/timers:514:7)
2024-08-02 19:52:13.793 [error] TypeError: Cannot read properties of undefined (reading 'save')
	at Timeout._onTimeout (/root/.vscode/extensions/blackboxapp.blackbox-1.3.69/out/extension.js:1255:24)
	at listOnTimeout (node:internal/timers:573:17)
	at process.processTimers (node:internal/timers:514:7)
2024-08-02 19:52:18.990 [error] TypeError: Cannot read properties of undefined (reading 'save')
	at Timeout._onTimeout (/root/.vscode/extensions/blackboxapp.blackbox-1.3.69/out/extension.js:1255:24)
	at listOnTimeout (node:internal/timers:573:17)
	at process.processTimers (node:internal/timers:514:7)
2024-08-02 19:52:20.193 [error] TypeError: Cannot read properties of undefined (reading 'save')
	at Timeout.<anonymous> (/root/.vscode/extensions/blackboxapp.blackbox-1.3.69/out/extension.js:1255:24)
	at listOnTimeout (node:internal/timers:573:17)
	at process.processTimers (node:internal/timers:514:7)
2024-08-02 19:52:20.605 [error] TypeError: Cannot read properties of undefined (reading 'save')
	at Timeout._onTimeout (/root/.vscode/extensions/blackboxapp.blackbox-1.3.69/out/extension.js:1255:24)
	at listOnTimeout (node:internal/timers:573:17)
	at process.processTimers (node:internal/timers:514:7)
2024-08-02 21:16:05.262 [error] TypeError: Cannot read properties of undefined (reading 'save')
	at Timeout._onTimeout (/root/.vscode/extensions/blackboxapp.blackbox-1.3.69/out/extension.js:1255:24)
	at listOnTimeout (node:internal/timers:573:17)
	at process.processTimers (node:internal/timers:514:7)
2024-08-02 21:17:09.864 [error] TypeError: Cannot read properties of undefined (reading 'save')
	at Timeout.<anonymous> (/root/.vscode/extensions/blackboxapp.blackbox-1.3.69/out/extension.js:1255:24)
	at listOnTimeout (node:internal/timers:573:17)
	at process.processTimers (node:internal/timers:514:7)
2024-08-02 21:17:10.326 [error] TypeError: Cannot read properties of undefined (reading 'save')
	at Timeout._onTimeout (/root/.vscode/extensions/blackboxapp.blackbox-1.3.69/out/extension.js:1255:24)
	at listOnTimeout (node:internal/timers:573:17)
	at process.processTimers (node:internal/timers:514:7)
2024-08-02 21:40:25.492 [error] TypeError: Cannot read properties of undefined (reading 'document')
	at Timeout._onTimeout (/root/.vscode/extensions/blackboxapp.blackbox-1.3.69/out/extension.js:1121:38)
	at listOnTimeout (node:internal/timers:573:17)
	at process.processTimers (node:internal/timers:514:7)
2024-08-02 21:41:07.991 [info] Extension host terminating: renderer closed the MessagePort
2024-08-02 21:41:08.023 [info] Extension host with pid 20207 exiting with code 0
