2024-08-02 23:06:45.260 [info] Extension host with pid 30858 started
2024-08-02 23:06:45.260 [info] Skipping acquiring lock for /home/abhishek_asgola/Nap_Queens/~/vscode-root/User/workspaceStorage/693144f5ad7a5080f7136ba7bd8d7bcc.
2024-08-02 23:06:45.452 [info] ExtensionService#_doActivateExtension vscode.git-base, startup: true, activationEvent: '*', root cause: vscode.git
2024-08-02 23:06:45.454 [info] ExtensionService#_doActivateExtension Blackboxapp.blackbox, startup: true, activationEvent: '*'
2024-08-02 23:06:45.664 [info] ExtensionService#_doActivateExtension vscode.git, startup: true, activationEvent: '*'
2024-08-02 23:06:45.682 [info] ExtensionService#_doActivateExtension vscode.github, startup: true, activationEvent: '*'
2024-08-02 23:06:45.779 [info] Eager extensions activated
2024-08-02 23:06:45.831 [info] ExtensionService#_doActivateExtension vscode.debug-auto-launch, startup: false, activationEvent: 'onStartupFinished'
2024-08-02 23:06:45.833 [info] ExtensionService#_doActivateExtension vscode.merge-conflict, startup: false, activationEvent: 'onStartupFinished'
2024-08-02 23:06:45.860 [info] ExtensionService#_doActivateExtension vscode.emmet, startup: false, activationEvent: 'onLanguage'
2024-08-02 23:06:45.921 [warning] [Decorations] CAPPING events from decorations provider vscode.git 481
2024-08-02 23:06:46.010 [info] ExtensionService#_doActivateExtension vscode.github-authentication, startup: false, activationEvent: 'onAuthenticationRequest:github'
2024-08-02 23:06:46.140 [warning] [Decorations] CAPPING events from decorations provider vscode.git 484
2024-08-02 23:06:48.910 [warning] [Decorations] CAPPING events from decorations provider vscode.git 487
2024-08-02 23:06:53.955 [warning] [Decorations] CAPPING events from decorations provider vscode.git 488
2024-08-02 23:06:59.002 [warning] [Decorations] CAPPING events from decorations provider vscode.git 489
2024-08-02 23:07:04.052 [warning] [Decorations] CAPPING events from decorations provider vscode.git 491
2024-08-02 23:07:09.096 [warning] [Decorations] CAPPING events from decorations provider vscode.git 493
2024-08-02 23:07:14.140 [warning] [Decorations] CAPPING events from decorations provider vscode.git 493
2024-08-02 23:07:19.191 [warning] [Decorations] CAPPING events from decorations provider vscode.git 493
2024-08-02 23:07:19.480 [info] ExtensionService#_doActivateExtension vscode.npm, startup: false, activationEvent: 'onTerminalQuickFixRequest:ms-vscode.npm-command'
2024-08-02 23:07:24.236 [warning] [Decorations] CAPPING events from decorations provider vscode.git 493
2024-08-02 23:07:29.319 [warning] [Decorations] CAPPING events from decorations provider vscode.git 493
2024-08-02 23:07:34.361 [warning] [Decorations] CAPPING events from decorations provider vscode.git 493
2024-08-02 23:07:39.465 [warning] [Decorations] CAPPING events from decorations provider vscode.git 493
2024-08-02 23:07:42.155 [info] ExtensionService#_doActivateExtension vscode.typescript-language-features, startup: false, activationEvent: 'onLanguage:typescript'
2024-08-02 23:07:44.516 [warning] [Decorations] CAPPING events from decorations provider vscode.git 494
2024-08-02 23:07:49.609 [warning] [Decorations] CAPPING events from decorations provider vscode.git 494
2024-08-02 23:08:05.387 [warning] [Decorations] CAPPING events from decorations provider vscode.git 494
2024-08-02 23:08:05.509 [info] ExtensionService#_doActivateExtension vscode.configuration-editing, startup: false, activationEvent: 'onLanguage:json'
2024-08-02 23:08:05.511 [info] ExtensionService#_doActivateExtension vscode.extension-editing, startup: false, activationEvent: 'onLanguage:json'
2024-08-02 23:08:05.515 [info] ExtensionService#_doActivateExtension vscode.json-language-features, startup: false, activationEvent: 'onLanguage:json'
2024-08-02 23:08:10.465 [warning] [Decorations] CAPPING events from decorations provider vscode.git 495
2024-08-02 23:08:15.528 [warning] [Decorations] CAPPING events from decorations provider vscode.git 495
2024-08-02 23:08:20.607 [warning] [Decorations] CAPPING events from decorations provider vscode.git 495
2024-08-02 23:08:25.652 [warning] [Decorations] CAPPING events from decorations provider vscode.git 495
2024-08-02 23:08:30.700 [warning] [Decorations] CAPPING events from decorations provider vscode.git 495
2024-08-02 23:08:35.748 [warning] [Decorations] CAPPING events from decorations provider vscode.git 495
2024-08-02 23:08:40.799 [warning] [Decorations] CAPPING events from decorations provider vscode.git 495
2024-08-02 23:08:45.851 [warning] [Decorations] CAPPING events from decorations provider vscode.git 496
2024-08-02 23:08:50.902 [warning] [Decorations] CAPPING events from decorations provider vscode.git 496
2024-08-02 23:08:56.010 [warning] [Decorations] CAPPING events from decorations provider vscode.git 496
2024-08-02 23:09:01.109 [warning] [Decorations] CAPPING events from decorations provider vscode.git 496
2024-08-02 23:09:06.216 [warning] [Decorations] CAPPING events from decorations provider vscode.git 496
2024-08-02 23:09:11.268 [warning] [Decorations] CAPPING events from decorations provider vscode.git 496
2024-08-02 23:09:16.353 [warning] [Decorations] CAPPING events from decorations provider vscode.git 496
2024-08-02 23:09:21.459 [warning] [Decorations] CAPPING events from decorations provider vscode.git 496
2024-08-02 23:09:26.506 [warning] [Decorations] CAPPING events from decorations provider vscode.git 496
2024-08-02 23:09:31.558 [warning] [Decorations] CAPPING events from decorations provider vscode.git 496
2024-08-02 23:09:36.605 [warning] [Decorations] CAPPING events from decorations provider vscode.git 496
2024-08-02 23:09:41.651 [warning] [Decorations] CAPPING events from decorations provider vscode.git 496
2024-08-02 23:09:46.758 [warning] [Decorations] CAPPING events from decorations provider vscode.git 496
2024-08-02 23:09:51.820 [warning] [Decorations] CAPPING events from decorations provider vscode.git 496
2024-08-02 23:09:56.869 [warning] [Decorations] CAPPING events from decorations provider vscode.git 496
2024-08-02 23:10:01.965 [warning] [Decorations] CAPPING events from decorations provider vscode.git 496
2024-08-02 23:10:07.025 [warning] [Decorations] CAPPING events from decorations provider vscode.git 496
2024-08-02 23:10:12.079 [warning] [Decorations] CAPPING events from decorations provider vscode.git 496
2024-08-02 23:10:17.126 [warning] [Decorations] CAPPING events from decorations provider vscode.git 496
2024-08-02 23:10:22.175 [warning] [Decorations] CAPPING events from decorations provider vscode.git 496
2024-08-02 23:10:49.229 [warning] [Decorations] CAPPING events from decorations provider vscode.git 496
2024-08-02 23:10:54.285 [warning] [Decorations] CAPPING events from decorations provider vscode.git 496
2024-08-02 23:10:59.373 [warning] [Decorations] CAPPING events from decorations provider vscode.git 496
2024-08-02 23:11:04.427 [warning] [Decorations] CAPPING events from decorations provider vscode.git 496
2024-08-02 23:11:09.483 [warning] [Decorations] CAPPING events from decorations provider vscode.git 496
2024-08-02 23:11:18.218 [warning] [Decorations] CAPPING events from decorations provider vscode.git 496
2024-08-02 23:13:05.098 [warning] [Decorations] CAPPING events from decorations provider vscode.git 496
2024-08-02 23:13:10.212 [warning] [Decorations] CAPPING events from decorations provider vscode.git 496
2024-08-02 23:13:15.261 [warning] [Decorations] CAPPING events from decorations provider vscode.git 496
2024-08-02 23:13:20.304 [warning] [Decorations] CAPPING events from decorations provider vscode.git 497
2024-08-02 23:13:25.347 [warning] [Decorations] CAPPING events from decorations provider vscode.git 497
2024-08-02 23:13:30.453 [warning] [Decorations] CAPPING events from decorations provider vscode.git 497
2024-08-02 23:13:35.502 [warning] [Decorations] CAPPING events from decorations provider vscode.git 497
2024-08-02 23:13:40.554 [warning] [Decorations] CAPPING events from decorations provider vscode.git 497
2024-08-02 23:13:45.656 [warning] [Decorations] CAPPING events from decorations provider vscode.git 497
2024-08-02 23:13:50.710 [warning] [Decorations] CAPPING events from decorations provider vscode.git 502
2024-08-02 23:13:55.760 [warning] [Decorations] CAPPING events from decorations provider vscode.git 501
2024-08-02 23:14:00.815 [warning] [Decorations] CAPPING events from decorations provider vscode.git 501
2024-08-02 23:14:05.937 [warning] [Decorations] CAPPING events from decorations provider vscode.git 501
2024-08-02 23:19:05.577 [warning] [Decorations] CAPPING events from decorations provider vscode.git 502
2024-08-02 23:19:10.631 [warning] [Decorations] CAPPING events from decorations provider vscode.git 502
2024-08-02 23:21:07.672 [warning] [Decorations] CAPPING events from decorations provider vscode.git 502
2024-08-02 23:21:12.757 [warning] [Decorations] CAPPING events from decorations provider vscode.git 502
2024-08-02 23:21:20.593 [warning] [Decorations] CAPPING events from decorations provider vscode.git 502
2024-08-02 23:21:25.673 [warning] [Decorations] CAPPING events from decorations provider vscode.git 502
2024-08-02 23:21:30.763 [warning] [Decorations] CAPPING events from decorations provider vscode.git 503
2024-08-02 23:21:35.815 [warning] [Decorations] CAPPING events from decorations provider vscode.git 503
2024-08-02 23:42:02.567 [warning] [Decorations] CAPPING events from decorations provider vscode.git 504
2024-08-02 23:42:07.619 [warning] [Decorations] CAPPING events from decorations provider vscode.git 504
2024-08-02 23:42:12.670 [warning] [Decorations] CAPPING events from decorations provider vscode.git 504
2024-08-02 23:42:17.754 [warning] [Decorations] CAPPING events from decorations provider vscode.git 504
2024-08-02 23:42:47.219 [warning] [Decorations] CAPPING events from decorations provider vscode.git 504
2024-08-02 23:42:52.269 [warning] [Decorations] CAPPING events from decorations provider vscode.git 505
2024-08-02 23:42:57.349 [warning] [Decorations] CAPPING events from decorations provider vscode.git 505
2024-08-02 23:43:02.443 [warning] [Decorations] CAPPING events from decorations provider vscode.git 505
2024-08-02 23:43:07.494 [warning] [Decorations] CAPPING events from decorations provider vscode.git 505
2024-08-02 23:43:12.541 [warning] [Decorations] CAPPING events from decorations provider vscode.git 505
2024-08-02 23:52:49.043 [warning] [Decorations] CAPPING events from decorations provider vscode.git 505
2024-08-02 23:52:54.095 [warning] [Decorations] CAPPING events from decorations provider vscode.git 505
2024-08-02 23:52:59.180 [warning] [Decorations] CAPPING events from decorations provider vscode.git 505
2024-08-02 23:53:04.259 [warning] [Decorations] CAPPING events from decorations provider vscode.git 505
2024-08-02 23:53:09.314 [warning] [Decorations] CAPPING events from decorations provider vscode.git 505
2024-08-02 23:53:14.363 [warning] [Decorations] CAPPING events from decorations provider vscode.git 505
2024-08-02 23:53:19.412 [warning] [Decorations] CAPPING events from decorations provider vscode.git 505
2024-08-02 23:53:24.494 [warning] [Decorations] CAPPING events from decorations provider vscode.git 505
2024-08-02 23:53:29.572 [warning] [Decorations] CAPPING events from decorations provider vscode.git 505
2024-08-02 23:53:34.653 [warning] [Decorations] CAPPING events from decorations provider vscode.git 505
2024-08-02 23:53:39.698 [warning] [Decorations] CAPPING events from decorations provider vscode.git 505
2024-08-02 23:53:44.754 [warning] [Decorations] CAPPING events from decorations provider vscode.git 506
2024-08-02 23:53:49.803 [warning] [Decorations] CAPPING events from decorations provider vscode.git 506
2024-08-02 23:53:54.895 [warning] [Decorations] CAPPING events from decorations provider vscode.git 505
2024-08-02 23:53:59.977 [warning] [Decorations] CAPPING events from decorations provider vscode.git 509
2024-08-02 23:54:05.060 [warning] [Decorations] CAPPING events from decorations provider vscode.git 508
2024-08-02 23:54:10.118 [warning] [Decorations] CAPPING events from decorations provider vscode.git 508
2024-08-02 23:54:15.215 [warning] [Decorations] CAPPING events from decorations provider vscode.git 508
2024-08-02 23:54:20.307 [warning] [Decorations] CAPPING events from decorations provider vscode.git 508
2024-08-02 23:54:25.355 [warning] [Decorations] CAPPING events from decorations provider vscode.git 508
2024-08-02 23:54:30.445 [warning] [Decorations] CAPPING events from decorations provider vscode.git 508
2024-08-02 23:58:34.983 [warning] [Decorations] CAPPING events from decorations provider vscode.git 508
2024-08-02 23:58:40.067 [warning] [Decorations] CAPPING events from decorations provider vscode.git 508
2024-08-02 23:58:45.118 [warning] [Decorations] CAPPING events from decorations provider vscode.git 508
2024-08-02 23:58:50.172 [warning] [Decorations] CAPPING events from decorations provider vscode.git 508
2024-08-02 23:58:55.225 [warning] [Decorations] CAPPING events from decorations provider vscode.git 508
2024-08-02 23:59:00.294 [warning] [Decorations] CAPPING events from decorations provider vscode.git 509
2024-08-02 23:59:05.386 [warning] [Decorations] CAPPING events from decorations provider vscode.git 510
2024-08-02 23:59:10.440 [warning] [Decorations] CAPPING events from decorations provider vscode.git 511
2024-08-02 23:59:15.525 [warning] [Decorations] CAPPING events from decorations provider vscode.git 511
2024-08-02 23:59:29.296 [warning] [Decorations] CAPPING events from decorations provider vscode.git 511
2024-08-03 00:00:15.415 [warning] [Decorations] CAPPING events from decorations provider vscode.git 511
2024-08-03 00:00:20.523 [warning] [Decorations] CAPPING events from decorations provider vscode.git 511
2024-08-03 00:00:25.568 [warning] [Decorations] CAPPING events from decorations provider vscode.git 511
2024-08-03 00:00:30.648 [warning] [Decorations] CAPPING events from decorations provider vscode.git 511
2024-08-03 00:00:52.693 [warning] [Decorations] CAPPING events from decorations provider vscode.git 511
2024-08-03 00:00:57.786 [warning] [Decorations] CAPPING events from decorations provider vscode.git 511
2024-08-03 00:01:02.832 [warning] [Decorations] CAPPING events from decorations provider vscode.git 511
2024-08-03 00:01:10.885 [warning] [Decorations] CAPPING events from decorations provider vscode.git 511
2024-08-03 00:01:15.969 [warning] [Decorations] CAPPING events from decorations provider vscode.git 511
2024-08-03 00:01:21.033 [warning] [Decorations] CAPPING events from decorations provider vscode.git 511
2024-08-03 00:02:02.872 [warning] [Decorations] CAPPING events from decorations provider vscode.git 511
2024-08-03 00:02:07.949 [warning] [Decorations] CAPPING events from decorations provider vscode.git 511
2024-08-03 00:02:13.014 [warning] [Decorations] CAPPING events from decorations provider vscode.git 511
2024-08-03 00:02:18.110 [warning] [Decorations] CAPPING events from decorations provider vscode.git 511
2024-08-03 00:02:23.205 [warning] [Decorations] CAPPING events from decorations provider vscode.git 511
2024-08-03 00:02:51.309 [warning] [Decorations] CAPPING events from decorations provider vscode.git 511
2024-08-03 00:03:10.167 [warning] [Decorations] CAPPING events from decorations provider vscode.git 511
2024-08-03 00:03:15.221 [warning] [Decorations] CAPPING events from decorations provider vscode.git 511
2024-08-03 00:03:20.326 [warning] [Decorations] CAPPING events from decorations provider vscode.git 511
2024-08-03 00:03:25.481 [warning] [Decorations] CAPPING events from decorations provider vscode.git 511
2024-08-03 00:03:59.631 [warning] [Decorations] CAPPING events from decorations provider vscode.git 511
2024-08-03 00:04:04.749 [warning] [Decorations] CAPPING events from decorations provider vscode.git 511
2024-08-03 00:04:09.861 [warning] [Decorations] CAPPING events from decorations provider vscode.git 511
2024-08-03 00:04:39.868 [warning] [Decorations] CAPPING events from decorations provider vscode.git 511
2024-08-03 00:04:44.990 [warning] [Decorations] CAPPING events from decorations provider vscode.git 511
2024-08-03 00:04:50.074 [warning] [Decorations] CAPPING events from decorations provider vscode.git 511
2024-08-03 00:05:16.980 [warning] [Decorations] CAPPING events from decorations provider vscode.git 511
2024-08-03 00:05:22.032 [warning] [Decorations] CAPPING events from decorations provider vscode.git 511
2024-08-03 00:05:27.142 [warning] [Decorations] CAPPING events from decorations provider vscode.git 511
2024-08-03 00:05:37.061 [warning] [Decorations] CAPPING events from decorations provider vscode.git 511
2024-08-03 00:05:42.125 [warning] [Decorations] CAPPING events from decorations provider vscode.git 515
2024-08-03 00:05:47.231 [warning] [Decorations] CAPPING events from decorations provider vscode.git 515
2024-08-03 00:05:52.318 [warning] [Decorations] CAPPING events from decorations provider vscode.git 517
2024-08-03 00:05:57.370 [warning] [Decorations] CAPPING events from decorations provider vscode.git 515
2024-08-03 00:06:02.482 [warning] [Decorations] CAPPING events from decorations provider vscode.git 515
2024-08-03 00:06:07.599 [warning] [Decorations] CAPPING events from decorations provider vscode.git 515
2024-08-03 00:06:30.799 [warning] [Decorations] CAPPING events from decorations provider vscode.git 515
2024-08-03 00:06:35.854 [warning] [Decorations] CAPPING events from decorations provider vscode.git 515
2024-08-03 00:06:40.913 [warning] [Decorations] CAPPING events from decorations provider vscode.git 515
2024-08-03 00:06:45.970 [warning] [Decorations] CAPPING events from decorations provider vscode.git 515
2024-08-03 00:06:51.019 [warning] [Decorations] CAPPING events from decorations provider vscode.git 515
2024-08-03 00:06:56.069 [warning] [Decorations] CAPPING events from decorations provider vscode.git 515
2024-08-03 00:07:01.157 [warning] [Decorations] CAPPING events from decorations provider vscode.git 516
2024-08-03 00:07:06.257 [warning] [Decorations] CAPPING events from decorations provider vscode.git 516
2024-08-03 00:07:11.307 [warning] [Decorations] CAPPING events from decorations provider vscode.git 516
2024-08-03 00:07:16.423 [warning] [Decorations] CAPPING events from decorations provider vscode.git 516
2024-08-03 00:07:41.215 [warning] [Decorations] CAPPING events from decorations provider vscode.git 516
2024-08-03 00:07:46.260 [warning] [Decorations] CAPPING events from decorations provider vscode.git 516
2024-08-03 00:07:51.311 [warning] [Decorations] CAPPING events from decorations provider vscode.git 519
2024-08-03 00:07:56.377 [warning] [Decorations] CAPPING events from decorations provider vscode.git 518
2024-08-03 00:08:01.488 [warning] [Decorations] CAPPING events from decorations provider vscode.git 518
2024-08-03 00:08:06.601 [warning] [Decorations] CAPPING events from decorations provider vscode.git 519
2024-08-03 00:08:11.678 [warning] [Decorations] CAPPING events from decorations provider vscode.git 522
2024-08-03 00:08:16.784 [warning] [Decorations] CAPPING events from decorations provider vscode.git 521
2024-08-03 00:08:21.882 [warning] [Decorations] CAPPING events from decorations provider vscode.git 521
2024-08-03 00:08:26.992 [warning] [Decorations] CAPPING events from decorations provider vscode.git 521
2024-08-03 00:08:32.067 [warning] [Decorations] CAPPING events from decorations provider vscode.git 521
2024-08-03 00:08:37.225 [warning] [Decorations] CAPPING events from decorations provider vscode.git 521
2024-08-03 00:08:42.303 [warning] [Decorations] CAPPING events from decorations provider vscode.git 521
2024-08-03 00:08:47.401 [warning] [Decorations] CAPPING events from decorations provider vscode.git 521
2024-08-03 00:08:52.451 [warning] [Decorations] CAPPING events from decorations provider vscode.git 522
2024-08-03 00:08:57.505 [warning] [Decorations] CAPPING events from decorations provider vscode.git 522
2024-08-03 00:09:02.624 [warning] [Decorations] CAPPING events from decorations provider vscode.git 522
2024-08-03 00:09:07.733 [warning] [Decorations] CAPPING events from decorations provider vscode.git 522
2024-08-03 00:09:12.849 [warning] [Decorations] CAPPING events from decorations provider vscode.git 522
2024-08-03 00:09:17.911 [warning] [Decorations] CAPPING events from decorations provider vscode.git 523
2024-08-03 00:09:22.959 [warning] [Decorations] CAPPING events from decorations provider vscode.git 522
2024-08-03 00:09:28.031 [warning] [Decorations] CAPPING events from decorations provider vscode.git 522
2024-08-03 00:09:33.095 [warning] [Decorations] CAPPING events from decorations provider vscode.git 522
2024-08-03 00:09:38.192 [warning] [Decorations] CAPPING events from decorations provider vscode.git 523
2024-08-03 00:09:43.247 [warning] [Decorations] CAPPING events from decorations provider vscode.git 523
2024-08-03 00:09:48.368 [warning] [Decorations] CAPPING events from decorations provider vscode.git 523
2024-08-03 00:09:53.455 [warning] [Decorations] CAPPING events from decorations provider vscode.git 523
2024-08-03 00:09:58.610 [warning] [Decorations] CAPPING events from decorations provider vscode.git 523
2024-08-03 00:10:03.713 [warning] [Decorations] CAPPING events from decorations provider vscode.git 523
2024-08-03 00:10:08.861 [warning] [Decorations] CAPPING events from decorations provider vscode.git 523
2024-08-03 00:10:13.978 [warning] [Decorations] CAPPING events from decorations provider vscode.git 523
2024-08-03 00:10:19.088 [warning] [Decorations] CAPPING events from decorations provider vscode.git 523
2024-08-03 00:10:24.199 [warning] [Decorations] CAPPING events from decorations provider vscode.git 523
2024-08-03 00:10:29.323 [warning] [Decorations] CAPPING events from decorations provider vscode.git 523
2024-08-03 00:10:34.476 [warning] [Decorations] CAPPING events from decorations provider vscode.git 523
2024-08-03 00:11:16.964 [warning] [Decorations] CAPPING events from decorations provider vscode.git 524
2024-08-03 00:11:22.083 [warning] [Decorations] CAPPING events from decorations provider vscode.git 524
2024-08-03 00:11:27.132 [warning] [Decorations] CAPPING events from decorations provider vscode.git 524
2024-08-03 00:11:32.190 [warning] [Decorations] CAPPING events from decorations provider vscode.git 524
2024-08-03 00:11:37.236 [warning] [Decorations] CAPPING events from decorations provider vscode.git 525
2024-08-03 00:11:42.288 [warning] [Decorations] CAPPING events from decorations provider vscode.git 525
2024-08-03 00:11:47.405 [warning] [Decorations] CAPPING events from decorations provider vscode.git 525
2024-08-03 00:11:52.457 [warning] [Decorations] CAPPING events from decorations provider vscode.git 525
2024-08-03 00:11:57.515 [warning] [Decorations] CAPPING events from decorations provider vscode.git 525
2024-08-03 00:12:02.630 [warning] [Decorations] CAPPING events from decorations provider vscode.git 525
2024-08-03 00:12:07.744 [warning] [Decorations] CAPPING events from decorations provider vscode.git 524
2024-08-03 00:12:12.849 [warning] [Decorations] CAPPING events from decorations provider vscode.git 524
2024-08-03 00:12:17.896 [warning] [Decorations] CAPPING events from decorations provider vscode.git 525
2024-08-03 00:12:23.011 [warning] [Decorations] CAPPING events from decorations provider vscode.git 528
2024-08-03 00:13:09.233 [warning] [Decorations] CAPPING events from decorations provider vscode.git 527
2024-08-03 00:14:36.574 [warning] [Decorations] CAPPING events from decorations provider vscode.git 527
2024-08-03 00:14:41.625 [warning] [Decorations] CAPPING events from decorations provider vscode.git 527
2024-08-03 00:14:46.737 [warning] [Decorations] CAPPING events from decorations provider vscode.git 527
2024-08-03 00:14:53.619 [warning] [Decorations] CAPPING events from decorations provider vscode.git 528
2024-08-03 00:14:58.729 [warning] [Decorations] CAPPING events from decorations provider vscode.git 528
2024-08-03 00:15:03.778 [warning] [Decorations] CAPPING events from decorations provider vscode.git 528
2024-08-03 00:15:08.833 [warning] [Decorations] CAPPING events from decorations provider vscode.git 528
2024-08-03 00:15:13.939 [warning] [Decorations] CAPPING events from decorations provider vscode.git 528
2024-08-03 00:15:19.050 [warning] [Decorations] CAPPING events from decorations provider vscode.git 528
2024-08-03 00:15:24.166 [warning] [Decorations] CAPPING events from decorations provider vscode.git 528
2024-08-03 00:15:29.228 [warning] [Decorations] CAPPING events from decorations provider vscode.git 528
2024-08-03 00:15:34.331 [warning] [Decorations] CAPPING events from decorations provider vscode.git 528
2024-08-03 00:15:39.384 [warning] [Decorations] CAPPING events from decorations provider vscode.git 529
2024-08-03 00:15:44.487 [warning] [Decorations] CAPPING events from decorations provider vscode.git 529
2024-08-03 00:15:49.594 [warning] [Decorations] CAPPING events from decorations provider vscode.git 529
2024-08-03 00:15:54.697 [warning] [Decorations] CAPPING events from decorations provider vscode.git 532
2024-08-03 00:15:59.805 [warning] [Decorations] CAPPING events from decorations provider vscode.git 531
2024-08-03 00:16:04.897 [warning] [Decorations] CAPPING events from decorations provider vscode.git 531
2024-08-03 00:16:10.003 [warning] [Decorations] CAPPING events from decorations provider vscode.git 531
2024-08-03 00:16:15.109 [warning] [Decorations] CAPPING events from decorations provider vscode.git 531
2024-08-03 00:16:20.229 [warning] [Decorations] CAPPING events from decorations provider vscode.git 531
2024-08-03 00:16:25.294 [warning] [Decorations] CAPPING events from decorations provider vscode.git 531
2024-08-03 00:16:30.347 [warning] [Decorations] CAPPING events from decorations provider vscode.git 531
2024-08-03 00:16:35.502 [warning] [Decorations] CAPPING events from decorations provider vscode.git 531
2024-08-03 00:16:40.619 [warning] [Decorations] CAPPING events from decorations provider vscode.git 531
2024-08-03 00:16:45.725 [warning] [Decorations] CAPPING events from decorations provider vscode.git 531
2024-08-03 00:16:50.807 [warning] [Decorations] CAPPING events from decorations provider vscode.git 531
2024-08-03 00:16:55.926 [warning] [Decorations] CAPPING events from decorations provider vscode.git 531
2024-08-03 00:17:00.981 [warning] [Decorations] CAPPING events from decorations provider vscode.git 531
2024-08-03 00:17:06.038 [warning] [Decorations] CAPPING events from decorations provider vscode.git 531
2024-08-03 00:17:11.095 [warning] [Decorations] CAPPING events from decorations provider vscode.git 531
2024-08-03 00:17:16.244 [warning] [Decorations] CAPPING events from decorations provider vscode.git 531
2024-08-03 00:17:21.302 [warning] [Decorations] CAPPING events from decorations provider vscode.git 531
2024-08-03 00:17:26.362 [warning] [Decorations] CAPPING events from decorations provider vscode.git 532
2024-08-03 00:17:31.475 [warning] [Decorations] CAPPING events from decorations provider vscode.git 532
2024-08-03 00:17:36.525 [warning] [Decorations] CAPPING events from decorations provider vscode.git 533
2024-08-03 00:17:41.647 [warning] [Decorations] CAPPING events from decorations provider vscode.git 532
2024-08-03 00:17:46.697 [warning] [Decorations] CAPPING events from decorations provider vscode.git 532
2024-08-03 00:18:43.920 [warning] [Decorations] CAPPING events from decorations provider vscode.git 532
2024-08-03 00:18:49.033 [warning] [Decorations] CAPPING events from decorations provider vscode.git 532
2024-08-03 00:18:54.096 [warning] [Decorations] CAPPING events from decorations provider vscode.git 532
2024-08-03 00:18:59.145 [warning] [Decorations] CAPPING events from decorations provider vscode.git 532
2024-08-03 00:19:04.219 [warning] [Decorations] CAPPING events from decorations provider vscode.git 532
2024-08-03 00:19:09.301 [warning] [Decorations] CAPPING events from decorations provider vscode.git 532
2024-08-03 00:19:14.401 [warning] [Decorations] CAPPING events from decorations provider vscode.git 533
2024-08-03 00:19:19.485 [warning] [Decorations] CAPPING events from decorations provider vscode.git 532
2024-08-03 00:19:24.588 [warning] [Decorations] CAPPING events from decorations provider vscode.git 533
2024-08-03 00:19:29.656 [warning] [Decorations] CAPPING events from decorations provider vscode.git 533
2024-08-03 00:19:34.728 [warning] [Decorations] CAPPING events from decorations provider vscode.git 533
2024-08-03 00:19:39.823 [warning] [Decorations] CAPPING events from decorations provider vscode.git 533
2024-08-03 00:19:44.973 [warning] [Decorations] CAPPING events from decorations provider vscode.git 533
2024-08-03 00:19:50.053 [warning] [Decorations] CAPPING events from decorations provider vscode.git 533
2024-08-03 00:19:55.108 [warning] [Decorations] CAPPING events from decorations provider vscode.git 533
2024-08-03 00:20:00.219 [warning] [Decorations] CAPPING events from decorations provider vscode.git 533
2024-08-03 00:20:14.387 [warning] [Decorations] CAPPING events from decorations provider vscode.git 533
2024-08-03 00:20:19.482 [warning] [Decorations] CAPPING events from decorations provider vscode.git 533
2024-08-03 00:20:24.587 [warning] [Decorations] CAPPING events from decorations provider vscode.git 533
2024-08-03 00:20:29.639 [warning] [Decorations] CAPPING events from decorations provider vscode.git 533
2024-08-03 00:20:34.696 [warning] [Decorations] CAPPING events from decorations provider vscode.git 533
2024-08-03 00:20:39.792 [warning] [Decorations] CAPPING events from decorations provider vscode.git 533
2024-08-03 00:20:44.889 [warning] [Decorations] CAPPING events from decorations provider vscode.git 533
2024-08-03 00:20:50.011 [warning] [Decorations] CAPPING events from decorations provider vscode.git 533
2024-08-03 00:20:55.059 [warning] [Decorations] CAPPING events from decorations provider vscode.git 533
2024-08-03 00:21:00.167 [warning] [Decorations] CAPPING events from decorations provider vscode.git 533
2024-08-03 00:21:05.284 [warning] [Decorations] CAPPING events from decorations provider vscode.git 533
2024-08-03 00:21:10.331 [warning] [Decorations] CAPPING events from decorations provider vscode.git 533
2024-08-03 00:21:15.410 [warning] [Decorations] CAPPING events from decorations provider vscode.git 533
2024-08-03 00:21:20.536 [warning] [Decorations] CAPPING events from decorations provider vscode.git 533
2024-08-03 00:21:25.652 [warning] [Decorations] CAPPING events from decorations provider vscode.git 533
2024-08-03 00:21:30.725 [warning] [Decorations] CAPPING events from decorations provider vscode.git 533
2024-08-03 00:21:35.832 [warning] [Decorations] CAPPING events from decorations provider vscode.git 533
2024-08-03 00:21:40.919 [warning] [Decorations] CAPPING events from decorations provider vscode.git 533
2024-08-03 00:21:45.973 [warning] [Decorations] CAPPING events from decorations provider vscode.git 533
2024-08-03 00:22:12.962 [warning] [Decorations] CAPPING events from decorations provider vscode.git 534
2024-08-03 00:22:18.009 [warning] [Decorations] CAPPING events from decorations provider vscode.git 533
2024-08-03 00:22:23.077 [warning] [Decorations] CAPPING events from decorations provider vscode.git 533
2024-08-03 00:22:28.170 [warning] [Decorations] CAPPING events from decorations provider vscode.git 533
2024-08-03 00:22:33.270 [warning] [Decorations] CAPPING events from decorations provider vscode.git 533
2024-08-03 00:22:38.318 [warning] [Decorations] CAPPING events from decorations provider vscode.git 533
2024-08-03 00:22:43.380 [warning] [Decorations] CAPPING events from decorations provider vscode.git 533
2024-08-03 00:22:48.473 [warning] [Decorations] CAPPING events from decorations provider vscode.git 533
2024-08-03 00:22:53.563 [warning] [Decorations] CAPPING events from decorations provider vscode.git 534
2024-08-03 00:22:58.624 [warning] [Decorations] CAPPING events from decorations provider vscode.git 534
2024-08-03 00:23:03.712 [warning] [Decorations] CAPPING events from decorations provider vscode.git 534
2024-08-03 00:23:08.800 [warning] [Decorations] CAPPING events from decorations provider vscode.git 534
2024-08-03 00:23:13.889 [warning] [Decorations] CAPPING events from decorations provider vscode.git 534
2024-08-03 00:23:18.984 [warning] [Decorations] CAPPING events from decorations provider vscode.git 534
2024-08-03 00:23:24.043 [warning] [Decorations] CAPPING events from decorations provider vscode.git 534
2024-08-03 00:23:29.093 [warning] [Decorations] CAPPING events from decorations provider vscode.git 534
2024-08-03 00:23:34.193 [warning] [Decorations] CAPPING events from decorations provider vscode.git 534
2024-08-03 00:23:39.244 [warning] [Decorations] CAPPING events from decorations provider vscode.git 534
2024-08-03 00:23:44.296 [warning] [Decorations] CAPPING events from decorations provider vscode.git 534
2024-08-03 00:23:49.349 [warning] [Decorations] CAPPING events from decorations provider vscode.git 534
2024-08-03 00:23:54.397 [warning] [Decorations] CAPPING events from decorations provider vscode.git 534
2024-08-03 00:23:59.448 [warning] [Decorations] CAPPING events from decorations provider vscode.git 535
2024-08-03 00:25:04.706 [warning] [Decorations] CAPPING events from decorations provider vscode.git 534
2024-08-03 00:25:49.516 [warning] [Decorations] CAPPING events from decorations provider vscode.git 534
2024-08-03 00:25:54.609 [warning] [Decorations] CAPPING events from decorations provider vscode.git 534
2024-08-03 00:25:59.652 [warning] [Decorations] CAPPING events from decorations provider vscode.git 537
2024-08-03 00:26:04.701 [warning] [Decorations] CAPPING events from decorations provider vscode.git 537
2024-08-03 00:26:24.138 [warning] [Decorations] CAPPING events from decorations provider vscode.git 537
2024-08-03 00:26:29.183 [warning] [Decorations] CAPPING events from decorations provider vscode.git 537
2024-08-03 00:27:03.681 [warning] [Decorations] CAPPING events from decorations provider vscode.git 537
2024-08-03 00:27:08.778 [warning] [Decorations] CAPPING events from decorations provider vscode.git 537
2024-08-03 00:27:13.830 [warning] [Decorations] CAPPING events from decorations provider vscode.git 538
2024-08-03 00:27:18.900 [warning] [Decorations] CAPPING events from decorations provider vscode.git 538
2024-08-03 00:27:35.487 [warning] [Decorations] CAPPING events from decorations provider vscode.git 538
2024-08-03 00:27:40.537 [warning] [Decorations] CAPPING events from decorations provider vscode.git 538
2024-08-03 00:27:45.593 [warning] [Decorations] CAPPING events from decorations provider vscode.git 538
2024-08-03 00:27:50.655 [warning] [Decorations] CAPPING events from decorations provider vscode.git 538
2024-08-03 00:27:55.709 [warning] [Decorations] CAPPING events from decorations provider vscode.git 538
2024-08-03 00:28:00.759 [warning] [Decorations] CAPPING events from decorations provider vscode.git 538
2024-08-03 00:28:05.828 [warning] [Decorations] CAPPING events from decorations provider vscode.git 538
2024-08-03 00:28:10.875 [warning] [Decorations] CAPPING events from decorations provider vscode.git 539
2024-08-03 00:28:15.925 [warning] [Decorations] CAPPING events from decorations provider vscode.git 539
2024-08-03 00:28:20.969 [warning] [Decorations] CAPPING events from decorations provider vscode.git 539
2024-08-03 00:28:26.023 [warning] [Decorations] CAPPING events from decorations provider vscode.git 539
2024-08-03 00:28:31.088 [warning] [Decorations] CAPPING events from decorations provider vscode.git 538
2024-08-03 00:28:37.941 [warning] [Decorations] CAPPING events from decorations provider vscode.git 538
2024-08-03 00:28:44.973 [warning] [Decorations] CAPPING events from decorations provider vscode.git 539
2024-08-03 00:28:50.018 [warning] [Decorations] CAPPING events from decorations provider vscode.git 539
2024-08-03 00:28:55.069 [warning] [Decorations] CAPPING events from decorations provider vscode.git 542
2024-08-03 00:29:00.116 [warning] [Decorations] CAPPING events from decorations provider vscode.git 542
2024-08-03 00:29:05.185 [warning] [Decorations] CAPPING events from decorations provider vscode.git 542
2024-08-03 00:29:39.763 [warning] [Decorations] CAPPING events from decorations provider vscode.git 542
2024-08-03 00:29:44.843 [warning] [Decorations] CAPPING events from decorations provider vscode.git 542
2024-08-03 00:29:49.903 [warning] [Decorations] CAPPING events from decorations provider vscode.git 542
2024-08-03 00:29:54.980 [warning] [Decorations] CAPPING events from decorations provider vscode.git 542
2024-08-03 00:30:00.046 [warning] [Decorations] CAPPING events from decorations provider vscode.git 542
2024-08-03 00:30:05.092 [warning] [Decorations] CAPPING events from decorations provider vscode.git 542
2024-08-03 00:30:11.312 [warning] [Decorations] CAPPING events from decorations provider vscode.git 542
2024-08-03 00:30:16.358 [warning] [Decorations] CAPPING events from decorations provider vscode.git 543
2024-08-03 00:30:21.413 [warning] [Decorations] CAPPING events from decorations provider vscode.git 543
2024-08-03 00:30:26.476 [warning] [Decorations] CAPPING events from decorations provider vscode.git 543
2024-08-03 00:30:58.094 [warning] [Decorations] CAPPING events from decorations provider vscode.git 543
2024-08-03 00:31:03.152 [warning] [Decorations] CAPPING events from decorations provider vscode.git 544
2024-08-03 00:31:08.220 [warning] [Decorations] CAPPING events from decorations provider vscode.git 544
2024-08-03 00:31:13.278 [warning] [Decorations] CAPPING events from decorations provider vscode.git 544
2024-08-03 00:31:18.335 [warning] [Decorations] CAPPING events from decorations provider vscode.git 544
2024-08-03 00:31:23.379 [warning] [Decorations] CAPPING events from decorations provider vscode.git 544
2024-08-03 00:31:28.424 [warning] [Decorations] CAPPING events from decorations provider vscode.git 544
2024-08-03 00:31:33.486 [warning] [Decorations] CAPPING events from decorations provider vscode.git 544
2024-08-03 00:31:38.538 [warning] [Decorations] CAPPING events from decorations provider vscode.git 547
2024-08-03 00:31:43.593 [warning] [Decorations] CAPPING events from decorations provider vscode.git 546
2024-08-03 00:32:10.880 [warning] [Decorations] CAPPING events from decorations provider vscode.git 546
2024-08-03 00:32:15.966 [warning] [Decorations] CAPPING events from decorations provider vscode.git 546
2024-08-03 00:32:38.646 [warning] [Decorations] CAPPING events from decorations provider vscode.git 546
2024-08-03 00:32:43.695 [warning] [Decorations] CAPPING events from decorations provider vscode.git 546
2024-08-03 00:32:48.760 [warning] [Decorations] CAPPING events from decorations provider vscode.git 546
2024-08-03 00:32:53.812 [warning] [Decorations] CAPPING events from decorations provider vscode.git 546
2024-08-03 00:32:58.863 [warning] [Decorations] CAPPING events from decorations provider vscode.git 547
2024-08-03 00:33:09.579 [warning] [Decorations] CAPPING events from decorations provider vscode.git 547
2024-08-03 00:33:14.631 [warning] [Decorations] CAPPING events from decorations provider vscode.git 547
2024-08-03 00:33:19.695 [warning] [Decorations] CAPPING events from decorations provider vscode.git 547
2024-08-03 00:33:24.741 [warning] [Decorations] CAPPING events from decorations provider vscode.git 547
2024-08-03 00:33:29.788 [warning] [Decorations] CAPPING events from decorations provider vscode.git 547
2024-08-03 00:33:34.835 [warning] [Decorations] CAPPING events from decorations provider vscode.git 547
2024-08-03 00:33:39.882 [warning] [Decorations] CAPPING events from decorations provider vscode.git 550
2024-08-03 00:33:44.932 [warning] [Decorations] CAPPING events from decorations provider vscode.git 549
2024-08-03 00:33:49.997 [warning] [Decorations] CAPPING events from decorations provider vscode.git 549
2024-08-03 00:33:55.048 [warning] [Decorations] CAPPING events from decorations provider vscode.git 549
2024-08-03 00:34:00.099 [warning] [Decorations] CAPPING events from decorations provider vscode.git 549
