2024-08-02 13:02:39.951 [info] Log level: Info
2024-08-02 13:02:39.951 [info] Validating found git in: "git"
2024-08-02 13:02:39.951 [info] Using git "2.34.1" from "git"
2024-08-02 13:02:39.951 [info] > git rev-parse --show-toplevel [8ms]
2024-08-02 13:02:39.951 [info] fatal: not a git repository (or any parent up to mount point /)
Stopping at filesystem boundary (GIT_DISCOVERY_ACROSS_FILESYSTEM not set).
2024-08-02 13:02:39.951 [info] > git rev-parse --show-toplevel [8ms]
2024-08-02 13:02:39.951 [info] fatal: not a git repository (or any parent up to mount point /)
Stopping at filesystem boundary (GIT_DISCOVERY_ACROSS_FILESYSTEM not set).
2024-08-02 13:02:39.951 [info] > git rev-parse --show-toplevel [2ms]
2024-08-02 13:02:39.951 [info] fatal: not a git repository (or any parent up to mount point /)
Stopping at filesystem boundary (GIT_DISCOVERY_ACROSS_FILESYSTEM not set).
2024-08-02 13:02:39.956 [info] > git rev-parse --show-toplevel [3ms]
2024-08-02 13:02:39.956 [info] fatal: not a git repository (or any parent up to mount point /)
Stopping at filesystem boundary (GIT_DISCOVERY_ACROSS_FILESYSTEM not set).
2024-08-02 13:02:39.965 [info] > git rev-parse --show-toplevel [3ms]
2024-08-02 13:02:39.965 [info] fatal: not a git repository (or any parent up to mount point /)
Stopping at filesystem boundary (GIT_DISCOVERY_ACROSS_FILESYSTEM not set).
2024-08-02 13:02:39.982 [info] > git rev-parse --show-toplevel [3ms]
2024-08-02 13:02:39.982 [info] fatal: not a git repository (or any parent up to mount point /)
Stopping at filesystem boundary (GIT_DISCOVERY_ACROSS_FILESYSTEM not set).
2024-08-02 13:02:40.168 [info] > git rev-parse --show-toplevel [3ms]
2024-08-02 13:02:40.168 [info] fatal: not a git repository (or any parent up to mount point /)
Stopping at filesystem boundary (GIT_DISCOVERY_ACROSS_FILESYSTEM not set).
2024-08-02 13:02:41.649 [info] > git rev-parse --show-toplevel [1ms]
2024-08-02 13:02:41.649 [info] fatal: not a git repository (or any parent up to mount point /)
Stopping at filesystem boundary (GIT_DISCOVERY_ACROSS_FILESYSTEM not set).
2024-08-02 13:02:49.056 [info] > git rev-parse --show-toplevel [3ms]
2024-08-02 13:02:49.056 [info] fatal: not a git repository (or any parent up to mount point /)
Stopping at filesystem boundary (GIT_DISCOVERY_ACROSS_FILESYSTEM not set).
2024-08-02 13:07:20.814 [info] > git rev-parse --show-toplevel [122ms]
2024-08-02 13:07:20.814 [info] fatal: not a git repository (or any parent up to mount point /)
Stopping at filesystem boundary (GIT_DISCOVERY_ACROSS_FILESYSTEM not set).
2024-08-02 13:07:27.698 [info] > git rev-parse --show-toplevel [1ms]
2024-08-02 13:07:27.698 [info] fatal: not a git repository (or any parent up to mount point /)
Stopping at filesystem boundary (GIT_DISCOVERY_ACROSS_FILESYSTEM not set).
2024-08-02 13:10:41.106 [info] > git rev-parse --show-toplevel [1ms]
2024-08-02 13:10:41.106 [info] fatal: not a git repository (or any parent up to mount point /)
Stopping at filesystem boundary (GIT_DISCOVERY_ACROSS_FILESYSTEM not set).
2024-08-02 13:10:41.109 [info] > git rev-parse --show-toplevel [0ms]
2024-08-02 13:10:41.109 [info] fatal: not a git repository (or any parent up to mount point /)
Stopping at filesystem boundary (GIT_DISCOVERY_ACROSS_FILESYSTEM not set).
2024-08-02 13:10:47.135 [info] > git rev-parse --show-toplevel [2ms]
2024-08-02 13:10:47.135 [info] fatal: not a git repository (or any parent up to mount point /)
Stopping at filesystem boundary (GIT_DISCOVERY_ACROSS_FILESYSTEM not set).
2024-08-02 13:10:56.604 [info] > git rev-parse --show-toplevel [2ms]
2024-08-02 13:10:56.604 [info] fatal: not a git repository (or any parent up to mount point /)
Stopping at filesystem boundary (GIT_DISCOVERY_ACROSS_FILESYSTEM not set).
2024-08-02 13:10:56.608 [info] > git rev-parse --show-toplevel [1ms]
2024-08-02 13:10:56.608 [info] fatal: not a git repository (or any parent up to mount point /)
Stopping at filesystem boundary (GIT_DISCOVERY_ACROSS_FILESYSTEM not set).
2024-08-02 13:10:59.928 [info] > git rev-parse --show-toplevel [1ms]
2024-08-02 13:10:59.928 [info] fatal: not a git repository (or any parent up to mount point /)
Stopping at filesystem boundary (GIT_DISCOVERY_ACROSS_FILESYSTEM not set).
2024-08-02 13:11:02.317 [info] > git rev-parse --show-toplevel [1ms]
2024-08-02 13:11:02.317 [info] fatal: not a git repository (or any parent up to mount point /)
Stopping at filesystem boundary (GIT_DISCOVERY_ACROSS_FILESYSTEM not set).
2024-08-02 13:11:02.321 [info] > git rev-parse --show-toplevel [1ms]
2024-08-02 13:11:02.321 [info] fatal: not a git repository (or any parent up to mount point /)
Stopping at filesystem boundary (GIT_DISCOVERY_ACROSS_FILESYSTEM not set).
2024-08-02 13:11:03.408 [info] > git rev-parse --show-toplevel [1ms]
2024-08-02 13:11:03.408 [info] fatal: not a git repository (or any parent up to mount point /)
Stopping at filesystem boundary (GIT_DISCOVERY_ACROSS_FILESYSTEM not set).
2024-08-02 13:11:03.415 [info] > git rev-parse --show-toplevel [0ms]
2024-08-02 13:11:03.415 [info] fatal: not a git repository (or any parent up to mount point /)
Stopping at filesystem boundary (GIT_DISCOVERY_ACROSS_FILESYSTEM not set).
2024-08-02 13:11:03.420 [info] > git rev-parse --show-toplevel [1ms]
2024-08-02 13:11:03.420 [info] fatal: not a git repository (or any parent up to mount point /)
Stopping at filesystem boundary (GIT_DISCOVERY_ACROSS_FILESYSTEM not set).
2024-08-02 13:11:08.171 [info] > git rev-parse --show-toplevel [1ms]
2024-08-02 13:11:08.171 [info] fatal: not a git repository (or any parent up to mount point /)
Stopping at filesystem boundary (GIT_DISCOVERY_ACROSS_FILESYSTEM not set).
2024-08-02 13:11:41.625 [info] > git rev-parse --show-toplevel [2ms]
2024-08-02 13:11:41.625 [info] fatal: not a git repository (or any parent up to mount point /)
Stopping at filesystem boundary (GIT_DISCOVERY_ACROSS_FILESYSTEM not set).
2024-08-02 13:11:41.629 [info] > git rev-parse --show-toplevel [1ms]
2024-08-02 13:11:41.629 [info] fatal: not a git repository (or any parent up to mount point /)
Stopping at filesystem boundary (GIT_DISCOVERY_ACROSS_FILESYSTEM not set).
2024-08-02 13:11:49.978 [info] > git rev-parse --show-toplevel [1ms]
2024-08-02 13:11:49.978 [info] fatal: not a git repository (or any parent up to mount point /)
Stopping at filesystem boundary (GIT_DISCOVERY_ACROSS_FILESYSTEM not set).
2024-08-02 13:12:20.968 [info] > git rev-parse --show-toplevel [1ms]
2024-08-02 13:12:20.968 [info] fatal: not a git repository (or any parent up to mount point /)
Stopping at filesystem boundary (GIT_DISCOVERY_ACROSS_FILESYSTEM not set).
2024-08-02 13:12:23.049 [info] > git rev-parse --show-toplevel [1ms]
2024-08-02 13:12:23.049 [info] fatal: not a git repository (or any parent up to mount point /)
Stopping at filesystem boundary (GIT_DISCOVERY_ACROSS_FILESYSTEM not set).
2024-08-02 13:12:28.132 [info] > git rev-parse --show-toplevel [2ms]
2024-08-02 13:12:28.132 [info] fatal: not a git repository (or any parent up to mount point /)
Stopping at filesystem boundary (GIT_DISCOVERY_ACROSS_FILESYSTEM not set).
2024-08-02 13:12:31.921 [info] > git rev-parse --show-toplevel [2ms]
2024-08-02 13:12:31.921 [info] fatal: not a git repository (or any parent up to mount point /)
Stopping at filesystem boundary (GIT_DISCOVERY_ACROSS_FILESYSTEM not set).
2024-08-02 13:12:48.741 [info] > git rev-parse --show-toplevel [1ms]
2024-08-02 13:12:48.741 [info] fatal: not a git repository (or any parent up to mount point /)
Stopping at filesystem boundary (GIT_DISCOVERY_ACROSS_FILESYSTEM not set).
2024-08-02 13:12:51.391 [info] > git rev-parse --show-toplevel [1ms]
2024-08-02 13:12:51.391 [info] fatal: not a git repository (or any parent up to mount point /)
Stopping at filesystem boundary (GIT_DISCOVERY_ACROSS_FILESYSTEM not set).
2024-08-02 13:13:06.508 [info] > git rev-parse --show-toplevel [1ms]
2024-08-02 13:13:06.508 [info] fatal: not a git repository (or any parent up to mount point /)
Stopping at filesystem boundary (GIT_DISCOVERY_ACROSS_FILESYSTEM not set).
2024-08-02 13:20:52.403 [info] > git rev-parse --show-toplevel [2ms]
2024-08-02 13:20:52.403 [info] fatal: not a git repository (or any parent up to mount point /)
Stopping at filesystem boundary (GIT_DISCOVERY_ACROSS_FILESYSTEM not set).
2024-08-02 13:23:01.100 [info] > git rev-parse --show-toplevel [2ms]
2024-08-02 13:23:01.100 [info] fatal: not a git repository (or any parent up to mount point /)
Stopping at filesystem boundary (GIT_DISCOVERY_ACROSS_FILESYSTEM not set).
2024-08-02 13:23:01.105 [info] > git rev-parse --show-toplevel [0ms]
2024-08-02 13:23:01.105 [info] fatal: not a git repository (or any parent up to mount point /)
Stopping at filesystem boundary (GIT_DISCOVERY_ACROSS_FILESYSTEM not set).
2024-08-02 13:23:05.665 [info] > git rev-parse --show-toplevel [1ms]
2024-08-02 13:23:05.665 [info] fatal: not a git repository (or any parent up to mount point /)
Stopping at filesystem boundary (GIT_DISCOVERY_ACROSS_FILESYSTEM not set).
2024-08-02 13:25:01.194 [info] > git rev-parse --show-toplevel [2ms]
2024-08-02 13:25:01.194 [info] fatal: not a git repository (or any parent up to mount point /)
Stopping at filesystem boundary (GIT_DISCOVERY_ACROSS_FILESYSTEM not set).
2024-08-02 13:25:01.199 [info] > git rev-parse --show-toplevel [2ms]
2024-08-02 13:25:01.199 [info] fatal: not a git repository (or any parent up to mount point /)
Stopping at filesystem boundary (GIT_DISCOVERY_ACROSS_FILESYSTEM not set).
2024-08-02 13:25:14.144 [info] > git rev-parse --show-toplevel [4ms]
2024-08-02 13:25:14.144 [info] fatal: not a git repository (or any parent up to mount point /)
Stopping at filesystem boundary (GIT_DISCOVERY_ACROSS_FILESYSTEM not set).
2024-08-02 13:25:14.162 [info] > git rev-parse --show-toplevel [3ms]
2024-08-02 13:25:14.162 [info] fatal: not a git repository (or any parent up to mount point /)
Stopping at filesystem boundary (GIT_DISCOVERY_ACROSS_FILESYSTEM not set).
2024-08-02 13:25:14.167 [info] > git rev-parse --show-toplevel [1ms]
2024-08-02 13:25:14.167 [info] fatal: not a git repository (or any parent up to mount point /)
Stopping at filesystem boundary (GIT_DISCOVERY_ACROSS_FILESYSTEM not set).
2024-08-02 13:25:15.637 [info] > git rev-parse --show-toplevel [2ms]
2024-08-02 13:25:15.637 [info] fatal: not a git repository (or any parent up to mount point /)
Stopping at filesystem boundary (GIT_DISCOVERY_ACROSS_FILESYSTEM not set).
2024-08-02 13:25:15.668 [info] > git rev-parse --show-toplevel [2ms]
2024-08-02 13:25:15.668 [info] fatal: not a git repository (or any parent up to mount point /)
Stopping at filesystem boundary (GIT_DISCOVERY_ACROSS_FILESYSTEM not set).
2024-08-02 13:25:15.673 [info] > git rev-parse --show-toplevel [1ms]
2024-08-02 13:25:15.673 [info] fatal: not a git repository (or any parent up to mount point /)
Stopping at filesystem boundary (GIT_DISCOVERY_ACROSS_FILESYSTEM not set).
2024-08-02 13:25:33.973 [info] > git rev-parse --show-toplevel [1ms]
2024-08-02 13:25:33.973 [info] fatal: not a git repository (or any parent up to mount point /)
Stopping at filesystem boundary (GIT_DISCOVERY_ACROSS_FILESYSTEM not set).
2024-08-02 13:30:30.642 [info] > git rev-parse --show-toplevel [2ms]
2024-08-02 13:30:30.642 [info] fatal: not a git repository (or any parent up to mount point /)
Stopping at filesystem boundary (GIT_DISCOVERY_ACROSS_FILESYSTEM not set).
2024-08-02 13:30:30.647 [info] > git rev-parse --show-toplevel [1ms]
2024-08-02 13:30:30.647 [info] fatal: not a git repository (or any parent up to mount point /)
Stopping at filesystem boundary (GIT_DISCOVERY_ACROSS_FILESYSTEM not set).
2024-08-02 13:30:38.037 [info] > git rev-parse --show-toplevel [1ms]
2024-08-02 13:30:38.037 [info] fatal: not a git repository (or any parent up to mount point /)
Stopping at filesystem boundary (GIT_DISCOVERY_ACROSS_FILESYSTEM not set).
2024-08-02 13:33:23.823 [info] > git rev-parse --show-toplevel [1ms]
2024-08-02 13:33:23.823 [info] fatal: not a git repository (or any parent up to mount point /)
Stopping at filesystem boundary (GIT_DISCOVERY_ACROSS_FILESYSTEM not set).
2024-08-02 13:33:23.829 [info] > git rev-parse --show-toplevel [1ms]
2024-08-02 13:33:23.829 [info] fatal: not a git repository (or any parent up to mount point /)
Stopping at filesystem boundary (GIT_DISCOVERY_ACROSS_FILESYSTEM not set).
2024-08-02 13:33:28.466 [info] > git rev-parse --show-toplevel [3ms]
2024-08-02 13:33:28.466 [info] fatal: not a git repository (or any parent up to mount point /)
Stopping at filesystem boundary (GIT_DISCOVERY_ACROSS_FILESYSTEM not set).
2024-08-02 13:33:28.518 [info] > git rev-parse --show-toplevel [1ms]
2024-08-02 13:33:28.518 [info] fatal: not a git repository (or any parent up to mount point /)
Stopping at filesystem boundary (GIT_DISCOVERY_ACROSS_FILESYSTEM not set).
2024-08-02 13:33:28.523 [info] > git rev-parse --show-toplevel [2ms]
2024-08-02 13:33:28.523 [info] fatal: not a git repository (or any parent up to mount point /)
Stopping at filesystem boundary (GIT_DISCOVERY_ACROSS_FILESYSTEM not set).
2024-08-02 13:33:31.168 [info] > git rev-parse --show-toplevel [2ms]
2024-08-02 13:33:31.168 [info] fatal: not a git repository (or any parent up to mount point /)
Stopping at filesystem boundary (GIT_DISCOVERY_ACROSS_FILESYSTEM not set).
2024-08-02 13:54:35.631 [info] > git rev-parse --show-toplevel [1ms]
2024-08-02 13:54:35.631 [info] fatal: not a git repository (or any parent up to mount point /)
Stopping at filesystem boundary (GIT_DISCOVERY_ACROSS_FILESYSTEM not set).
2024-08-02 13:54:35.636 [info] > git rev-parse --show-toplevel [1ms]
2024-08-02 13:54:35.636 [info] fatal: not a git repository (or any parent up to mount point /)
Stopping at filesystem boundary (GIT_DISCOVERY_ACROSS_FILESYSTEM not set).
2024-08-02 13:54:41.033 [info] > git rev-parse --show-toplevel [1ms]
2024-08-02 13:54:41.033 [info] fatal: not a git repository (or any parent up to mount point /)
Stopping at filesystem boundary (GIT_DISCOVERY_ACROSS_FILESYSTEM not set).
2024-08-02 13:54:46.196 [info] > git rev-parse --show-toplevel [1ms]
2024-08-02 13:54:46.196 [info] fatal: not a git repository (or any parent up to mount point /)
Stopping at filesystem boundary (GIT_DISCOVERY_ACROSS_FILESYSTEM not set).
2024-08-02 13:54:48.041 [info] > git rev-parse --show-toplevel [3ms]
2024-08-02 13:54:48.041 [info] fatal: not a git repository (or any parent up to mount point /)
Stopping at filesystem boundary (GIT_DISCOVERY_ACROSS_FILESYSTEM not set).
2024-08-02 13:54:54.563 [info] > git rev-parse --show-toplevel [2ms]
2024-08-02 13:54:54.563 [info] fatal: not a git repository (or any parent up to mount point /)
Stopping at filesystem boundary (GIT_DISCOVERY_ACROSS_FILESYSTEM not set).
2024-08-02 14:54:04.750 [info] > git rev-parse --show-toplevel [2ms]
2024-08-02 14:54:04.750 [info] fatal: not a git repository (or any parent up to mount point /)
Stopping at filesystem boundary (GIT_DISCOVERY_ACROSS_FILESYSTEM not set).
2024-08-02 15:06:16.351 [info] > git rev-parse --show-toplevel [1ms]
2024-08-02 15:06:16.351 [info] fatal: not a git repository (or any parent up to mount point /)
Stopping at filesystem boundary (GIT_DISCOVERY_ACROSS_FILESYSTEM not set).
2024-08-02 15:06:20.165 [info] > git rev-parse --show-toplevel [1ms]
2024-08-02 15:06:20.165 [info] fatal: not a git repository (or any parent up to mount point /)
Stopping at filesystem boundary (GIT_DISCOVERY_ACROSS_FILESYSTEM not set).
2024-08-02 15:06:26.544 [info] > git rev-parse --show-toplevel [1ms]
2024-08-02 15:06:26.544 [info] fatal: not a git repository (or any parent up to mount point /)
Stopping at filesystem boundary (GIT_DISCOVERY_ACROSS_FILESYSTEM not set).
2024-08-02 15:06:37.864 [info] > git rev-parse --show-toplevel [1ms]
2024-08-02 15:06:37.865 [info] fatal: not a git repository (or any parent up to mount point /)
Stopping at filesystem boundary (GIT_DISCOVERY_ACROSS_FILESYSTEM not set).
2024-08-02 15:08:04.001 [info] > git rev-parse --show-toplevel [2ms]
2024-08-02 15:08:04.001 [info] fatal: not a git repository (or any parent up to mount point /)
Stopping at filesystem boundary (GIT_DISCOVERY_ACROSS_FILESYSTEM not set).
2024-08-02 15:09:18.166 [info] > git rev-parse --show-toplevel [1ms]
2024-08-02 15:09:18.166 [info] fatal: not a git repository (or any parent up to mount point /)
Stopping at filesystem boundary (GIT_DISCOVERY_ACROSS_FILESYSTEM not set).
2024-08-02 15:09:29.913 [info] > git rev-parse --show-toplevel [1ms]
2024-08-02 15:09:29.913 [info] fatal: not a git repository (or any parent up to mount point /)
Stopping at filesystem boundary (GIT_DISCOVERY_ACROSS_FILESYSTEM not set).
2024-08-02 15:09:39.708 [info] > git rev-parse --show-toplevel [2ms]
2024-08-02 15:09:39.708 [info] fatal: not a git repository (or any parent up to mount point /)
Stopping at filesystem boundary (GIT_DISCOVERY_ACROSS_FILESYSTEM not set).
2024-08-02 15:10:03.019 [info] > git rev-parse --show-toplevel [1ms]
2024-08-02 15:10:03.019 [info] fatal: not a git repository (or any parent up to mount point /)
Stopping at filesystem boundary (GIT_DISCOVERY_ACROSS_FILESYSTEM not set).
2024-08-02 15:10:53.730 [info] > git rev-parse --show-toplevel [1ms]
2024-08-02 15:10:53.730 [info] fatal: not a git repository (or any parent up to mount point /)
Stopping at filesystem boundary (GIT_DISCOVERY_ACROSS_FILESYSTEM not set).
2024-08-02 15:10:59.755 [info] > git rev-parse --show-toplevel [1ms]
2024-08-02 15:10:59.755 [info] fatal: not a git repository (or any parent up to mount point /)
Stopping at filesystem boundary (GIT_DISCOVERY_ACROSS_FILESYSTEM not set).
2024-08-02 15:11:01.797 [info] > git rev-parse --show-toplevel [2ms]
2024-08-02 15:11:01.797 [info] fatal: not a git repository (or any parent up to mount point /)
Stopping at filesystem boundary (GIT_DISCOVERY_ACROSS_FILESYSTEM not set).
2024-08-02 15:11:08.698 [info] > git rev-parse --show-toplevel [1ms]
2024-08-02 15:11:08.698 [info] fatal: not a git repository (or any parent up to mount point /)
Stopping at filesystem boundary (GIT_DISCOVERY_ACROSS_FILESYSTEM not set).
2024-08-02 15:11:52.470 [info] > git rev-parse --show-toplevel [2ms]
2024-08-02 15:11:52.470 [info] fatal: not a git repository (or any parent up to mount point /)
Stopping at filesystem boundary (GIT_DISCOVERY_ACROSS_FILESYSTEM not set).
2024-08-02 15:12:08.214 [info] > git rev-parse --show-toplevel [1ms]
2024-08-02 15:12:08.214 [info] fatal: not a git repository (or any parent up to mount point /)
Stopping at filesystem boundary (GIT_DISCOVERY_ACROSS_FILESYSTEM not set).
2024-08-02 15:12:10.594 [info] > git rev-parse --show-toplevel [1ms]
2024-08-02 15:12:10.594 [info] fatal: not a git repository (or any parent up to mount point /)
Stopping at filesystem boundary (GIT_DISCOVERY_ACROSS_FILESYSTEM not set).
2024-08-02 15:13:09.740 [info] > git rev-parse --show-toplevel [1ms]
2024-08-02 15:13:09.741 [info] fatal: not a git repository (or any parent up to mount point /)
Stopping at filesystem boundary (GIT_DISCOVERY_ACROSS_FILESYSTEM not set).
2024-08-02 15:13:13.323 [info] > git rev-parse --show-toplevel [2ms]
2024-08-02 15:13:13.323 [info] fatal: not a git repository (or any parent up to mount point /)
Stopping at filesystem boundary (GIT_DISCOVERY_ACROSS_FILESYSTEM not set).
2024-08-02 15:14:02.023 [info] > git rev-parse --show-toplevel [2ms]
2024-08-02 15:14:02.023 [info] fatal: not a git repository (or any parent up to mount point /)
Stopping at filesystem boundary (GIT_DISCOVERY_ACROSS_FILESYSTEM not set).
2024-08-02 15:15:02.951 [info] > git rev-parse --show-toplevel [2ms]
2024-08-02 15:15:02.951 [info] fatal: not a git repository (or any parent up to mount point /)
Stopping at filesystem boundary (GIT_DISCOVERY_ACROSS_FILESYSTEM not set).
2024-08-02 16:40:38.124 [info] > git rev-parse --show-toplevel [2ms]
2024-08-02 16:40:38.124 [info] fatal: not a git repository (or any parent up to mount point /)
Stopping at filesystem boundary (GIT_DISCOVERY_ACROSS_FILESYSTEM not set).
2024-08-02 16:41:25.487 [info] > git rev-parse --show-toplevel [2ms]
2024-08-02 16:41:25.487 [info] fatal: not a git repository (or any parent up to mount point /)
Stopping at filesystem boundary (GIT_DISCOVERY_ACROSS_FILESYSTEM not set).
2024-08-02 16:41:39.262 [info] > git rev-parse --show-toplevel [1ms]
2024-08-02 16:41:39.262 [info] fatal: not a git repository (or any parent up to mount point /)
Stopping at filesystem boundary (GIT_DISCOVERY_ACROSS_FILESYSTEM not set).
2024-08-02 16:41:41.263 [info] > git rev-parse --show-toplevel [2ms]
2024-08-02 16:41:41.263 [info] fatal: not a git repository (or any parent up to mount point /)
Stopping at filesystem boundary (GIT_DISCOVERY_ACROSS_FILESYSTEM not set).
2024-08-02 16:41:45.170 [info] > git rev-parse --show-toplevel [1ms]
2024-08-02 16:41:45.170 [info] fatal: not a git repository (or any parent up to mount point /)
Stopping at filesystem boundary (GIT_DISCOVERY_ACROSS_FILESYSTEM not set).
2024-08-02 16:47:26.613 [info] > git rev-parse --show-toplevel [2ms]
2024-08-02 16:47:26.613 [info] fatal: not a git repository (or any parent up to mount point /)
Stopping at filesystem boundary (GIT_DISCOVERY_ACROSS_FILESYSTEM not set).
2024-08-02 16:47:33.531 [info] > git rev-parse --show-toplevel [1ms]
2024-08-02 16:47:33.531 [info] fatal: not a git repository (or any parent up to mount point /)
Stopping at filesystem boundary (GIT_DISCOVERY_ACROSS_FILESYSTEM not set).
2024-08-02 16:54:28.149 [info] > git rev-parse --show-toplevel [1ms]
2024-08-02 16:54:28.149 [info] fatal: not a git repository (or any parent up to mount point /)
Stopping at filesystem boundary (GIT_DISCOVERY_ACROSS_FILESYSTEM not set).
2024-08-02 16:57:43.232 [info] > git rev-parse --show-toplevel [1ms]
2024-08-02 16:57:43.232 [info] fatal: not a git repository (or any parent up to mount point /)
Stopping at filesystem boundary (GIT_DISCOVERY_ACROSS_FILESYSTEM not set).
2024-08-02 16:57:43.236 [info] > git rev-parse --show-toplevel [1ms]
2024-08-02 16:57:43.236 [info] fatal: not a git repository (or any parent up to mount point /)
Stopping at filesystem boundary (GIT_DISCOVERY_ACROSS_FILESYSTEM not set).
2024-08-02 16:57:45.075 [info] > git rev-parse --show-toplevel [1ms]
2024-08-02 16:57:45.075 [info] fatal: not a git repository (or any parent up to mount point /)
Stopping at filesystem boundary (GIT_DISCOVERY_ACROSS_FILESYSTEM not set).
2024-08-02 16:57:45.083 [info] > git rev-parse --show-toplevel [1ms]
2024-08-02 16:57:45.083 [info] fatal: not a git repository (or any parent up to mount point /)
Stopping at filesystem boundary (GIT_DISCOVERY_ACROSS_FILESYSTEM not set).
2024-08-02 16:57:45.087 [info] > git rev-parse --show-toplevel [0ms]
2024-08-02 16:57:45.087 [info] fatal: not a git repository (or any parent up to mount point /)
Stopping at filesystem boundary (GIT_DISCOVERY_ACROSS_FILESYSTEM not set).
2024-08-02 16:57:47.833 [info] > git rev-parse --show-toplevel [1ms]
2024-08-02 16:57:47.833 [info] fatal: not a git repository (or any parent up to mount point /)
Stopping at filesystem boundary (GIT_DISCOVERY_ACROSS_FILESYSTEM not set).
2024-08-02 16:57:47.839 [info] > git rev-parse --show-toplevel [1ms]
2024-08-02 16:57:47.839 [info] fatal: not a git repository (or any parent up to mount point /)
Stopping at filesystem boundary (GIT_DISCOVERY_ACROSS_FILESYSTEM not set).
2024-08-02 16:57:47.843 [info] > git rev-parse --show-toplevel [0ms]
2024-08-02 16:57:47.843 [info] fatal: not a git repository (or any parent up to mount point /)
Stopping at filesystem boundary (GIT_DISCOVERY_ACROSS_FILESYSTEM not set).
2024-08-02 16:57:59.270 [info] > git rev-parse --show-toplevel [3ms]
2024-08-02 16:57:59.270 [info] fatal: not a git repository (or any parent up to mount point /)
Stopping at filesystem boundary (GIT_DISCOVERY_ACROSS_FILESYSTEM not set).
2024-08-02 16:58:21.601 [info] > git rev-parse --show-toplevel [1ms]
2024-08-02 16:58:21.601 [info] fatal: not a git repository (or any parent up to mount point /)
Stopping at filesystem boundary (GIT_DISCOVERY_ACROSS_FILESYSTEM not set).
2024-08-02 16:58:28.756 [info] > git rev-parse --show-toplevel [1ms]
2024-08-02 16:58:28.756 [info] fatal: not a git repository (or any parent up to mount point /)
Stopping at filesystem boundary (GIT_DISCOVERY_ACROSS_FILESYSTEM not set).
2024-08-02 17:01:47.164 [info] > git rev-parse --show-toplevel [2ms]
2024-08-02 17:01:47.164 [info] fatal: not a git repository (or any parent up to mount point /)
Stopping at filesystem boundary (GIT_DISCOVERY_ACROSS_FILESYSTEM not set).
2024-08-02 17:01:47.168 [info] > git rev-parse --show-toplevel [1ms]
2024-08-02 17:01:47.168 [info] fatal: not a git repository (or any parent up to mount point /)
Stopping at filesystem boundary (GIT_DISCOVERY_ACROSS_FILESYSTEM not set).
2024-08-02 17:02:26.080 [info] > git rev-parse --show-toplevel [1ms]
2024-08-02 17:02:26.080 [info] fatal: not a git repository (or any parent up to mount point /)
Stopping at filesystem boundary (GIT_DISCOVERY_ACROSS_FILESYSTEM not set).
2024-08-02 17:03:11.867 [info] > git rev-parse --show-toplevel [2ms]
2024-08-02 17:03:11.867 [info] fatal: not a git repository (or any parent up to mount point /)
Stopping at filesystem boundary (GIT_DISCOVERY_ACROSS_FILESYSTEM not set).
2024-08-02 17:03:11.871 [info] > git rev-parse --show-toplevel [1ms]
2024-08-02 17:03:11.871 [info] fatal: not a git repository (or any parent up to mount point /)
Stopping at filesystem boundary (GIT_DISCOVERY_ACROSS_FILESYSTEM not set).
2024-08-02 17:03:13.526 [info] > git rev-parse --show-toplevel [0ms]
2024-08-02 17:03:13.526 [info] fatal: not a git repository (or any parent up to mount point /)
Stopping at filesystem boundary (GIT_DISCOVERY_ACROSS_FILESYSTEM not set).
2024-08-02 17:03:13.544 [info] > git rev-parse --show-toplevel [1ms]
2024-08-02 17:03:13.544 [info] fatal: not a git repository (or any parent up to mount point /)
Stopping at filesystem boundary (GIT_DISCOVERY_ACROSS_FILESYSTEM not set).
2024-08-02 17:03:13.548 [info] > git rev-parse --show-toplevel [1ms]
2024-08-02 17:03:13.548 [info] fatal: not a git repository (or any parent up to mount point /)
Stopping at filesystem boundary (GIT_DISCOVERY_ACROSS_FILESYSTEM not set).
2024-08-02 17:03:34.419 [info] > git rev-parse --show-toplevel [4ms]
2024-08-02 17:03:34.419 [info] fatal: not a git repository (or any parent up to mount point /)
Stopping at filesystem boundary (GIT_DISCOVERY_ACROSS_FILESYSTEM not set).
2024-08-02 17:08:37.511 [info] > git rev-parse --show-toplevel [0ms]
2024-08-02 17:08:37.512 [info] fatal: not a git repository (or any parent up to mount point /)
Stopping at filesystem boundary (GIT_DISCOVERY_ACROSS_FILESYSTEM not set).
2024-08-02 17:08:37.516 [info] > git rev-parse --show-toplevel [1ms]
2024-08-02 17:08:37.516 [info] fatal: not a git repository (or any parent up to mount point /)
Stopping at filesystem boundary (GIT_DISCOVERY_ACROSS_FILESYSTEM not set).
2024-08-02 17:10:05.250 [info] > git rev-parse --show-toplevel [1ms]
2024-08-02 17:10:05.250 [info] fatal: not a git repository (or any parent up to mount point /)
Stopping at filesystem boundary (GIT_DISCOVERY_ACROSS_FILESYSTEM not set).
2024-08-02 17:10:13.694 [info] > git rev-parse --show-toplevel [2ms]
2024-08-02 17:10:13.694 [info] fatal: not a git repository (or any parent up to mount point /)
Stopping at filesystem boundary (GIT_DISCOVERY_ACROSS_FILESYSTEM not set).
2024-08-02 17:10:13.698 [info] > git rev-parse --show-toplevel [0ms]
2024-08-02 17:10:13.698 [info] fatal: not a git repository (or any parent up to mount point /)
Stopping at filesystem boundary (GIT_DISCOVERY_ACROSS_FILESYSTEM not set).
2024-08-02 17:10:17.836 [info] > git rev-parse --show-toplevel [0ms]
2024-08-02 17:10:17.837 [info] fatal: not a git repository (or any parent up to mount point /)
Stopping at filesystem boundary (GIT_DISCOVERY_ACROSS_FILESYSTEM not set).
2024-08-02 17:13:01.472 [info] > git rev-parse --show-toplevel [2ms]
2024-08-02 17:13:01.472 [info] fatal: not a git repository (or any parent up to mount point /)
Stopping at filesystem boundary (GIT_DISCOVERY_ACROSS_FILESYSTEM not set).
2024-08-02 17:14:27.548 [info] > git rev-parse --show-toplevel [1ms]
2024-08-02 17:14:27.548 [info] fatal: not a git repository (or any parent up to mount point /)
Stopping at filesystem boundary (GIT_DISCOVERY_ACROSS_FILESYSTEM not set).
2024-08-02 17:14:27.553 [info] > git rev-parse --show-toplevel [1ms]
2024-08-02 17:14:27.553 [info] fatal: not a git repository (or any parent up to mount point /)
Stopping at filesystem boundary (GIT_DISCOVERY_ACROSS_FILESYSTEM not set).
2024-08-02 17:14:32.110 [info] > git rev-parse --show-toplevel [1ms]
2024-08-02 17:14:32.110 [info] fatal: not a git repository (or any parent up to mount point /)
Stopping at filesystem boundary (GIT_DISCOVERY_ACROSS_FILESYSTEM not set).
2024-08-02 17:16:19.532 [info] > git rev-parse --show-toplevel [1ms]
2024-08-02 17:16:19.532 [info] fatal: not a git repository (or any parent up to mount point /)
Stopping at filesystem boundary (GIT_DISCOVERY_ACROSS_FILESYSTEM not set).
2024-08-02 17:16:21.343 [info] > git rev-parse --show-toplevel [2ms]
2024-08-02 17:16:21.344 [info] fatal: not a git repository (or any parent up to mount point /)
Stopping at filesystem boundary (GIT_DISCOVERY_ACROSS_FILESYSTEM not set).
2024-08-02 17:16:40.602 [info] > git rev-parse --show-toplevel [1ms]
2024-08-02 17:16:40.602 [info] fatal: not a git repository (or any parent up to mount point /)
Stopping at filesystem boundary (GIT_DISCOVERY_ACROSS_FILESYSTEM not set).
2024-08-02 17:29:33.018 [info] > git rev-parse --show-toplevel [1ms]
2024-08-02 17:29:33.018 [info] fatal: not a git repository (or any parent up to mount point /)
Stopping at filesystem boundary (GIT_DISCOVERY_ACROSS_FILESYSTEM not set).
2024-08-02 17:29:33.022 [info] > git rev-parse --show-toplevel [1ms]
2024-08-02 17:29:33.022 [info] fatal: not a git repository (or any parent up to mount point /)
Stopping at filesystem boundary (GIT_DISCOVERY_ACROSS_FILESYSTEM not set).
2024-08-02 17:29:42.204 [info] > git rev-parse --show-toplevel [1ms]
2024-08-02 17:29:42.204 [info] fatal: not a git repository (or any parent up to mount point /)
Stopping at filesystem boundary (GIT_DISCOVERY_ACROSS_FILESYSTEM not set).
2024-08-02 17:29:50.437 [info] > git rev-parse --show-toplevel [1ms]
2024-08-02 17:29:50.437 [info] fatal: not a git repository (or any parent up to mount point /)
Stopping at filesystem boundary (GIT_DISCOVERY_ACROSS_FILESYSTEM not set).
2024-08-02 17:29:50.441 [info] > git rev-parse --show-toplevel [1ms]
2024-08-02 17:29:50.441 [info] fatal: not a git repository (or any parent up to mount point /)
Stopping at filesystem boundary (GIT_DISCOVERY_ACROSS_FILESYSTEM not set).
2024-08-02 17:29:52.288 [info] > git rev-parse --show-toplevel [1ms]
2024-08-02 17:29:52.288 [info] fatal: not a git repository (or any parent up to mount point /)
Stopping at filesystem boundary (GIT_DISCOVERY_ACROSS_FILESYSTEM not set).
2024-08-02 17:36:54.368 [info] > git rev-parse --show-toplevel [1ms]
2024-08-02 17:36:54.368 [info] fatal: not a git repository (or any parent up to mount point /)
Stopping at filesystem boundary (GIT_DISCOVERY_ACROSS_FILESYSTEM not set).
2024-08-02 17:36:54.372 [info] > git rev-parse --show-toplevel [1ms]
2024-08-02 17:36:54.372 [info] fatal: not a git repository (or any parent up to mount point /)
Stopping at filesystem boundary (GIT_DISCOVERY_ACROSS_FILESYSTEM not set).
2024-08-02 17:37:22.463 [info] > git rev-parse --show-toplevel [1ms]
2024-08-02 17:37:22.463 [info] fatal: not a git repository (or any parent up to mount point /)
Stopping at filesystem boundary (GIT_DISCOVERY_ACROSS_FILESYSTEM not set).
2024-08-02 17:37:22.471 [info] > git rev-parse --show-toplevel [2ms]
2024-08-02 17:37:22.471 [info] fatal: not a git repository (or any parent up to mount point /)
Stopping at filesystem boundary (GIT_DISCOVERY_ACROSS_FILESYSTEM not set).
2024-08-02 17:37:22.475 [info] > git rev-parse --show-toplevel [1ms]
2024-08-02 17:37:22.475 [info] fatal: not a git repository (or any parent up to mount point /)
Stopping at filesystem boundary (GIT_DISCOVERY_ACROSS_FILESYSTEM not set).
2024-08-02 17:38:09.474 [info] > git rev-parse --show-toplevel [1ms]
2024-08-02 17:38:09.474 [info] fatal: not a git repository (or any parent up to mount point /)
Stopping at filesystem boundary (GIT_DISCOVERY_ACROSS_FILESYSTEM not set).
2024-08-02 17:39:40.279 [info] > git rev-parse --show-toplevel [1ms]
2024-08-02 17:39:40.279 [info] fatal: not a git repository (or any parent up to mount point /)
Stopping at filesystem boundary (GIT_DISCOVERY_ACROSS_FILESYSTEM not set).
2024-08-02 17:39:44.780 [info] > git rev-parse --show-toplevel [1ms]
2024-08-02 17:39:44.780 [info] fatal: not a git repository (or any parent up to mount point /)
Stopping at filesystem boundary (GIT_DISCOVERY_ACROSS_FILESYSTEM not set).
2024-08-02 17:39:47.187 [info] > git rev-parse --show-toplevel [2ms]
2024-08-02 17:39:47.187 [info] fatal: not a git repository (or any parent up to mount point /)
Stopping at filesystem boundary (GIT_DISCOVERY_ACROSS_FILESYSTEM not set).
2024-08-02 17:39:50.469 [info] > git rev-parse --show-toplevel [1ms]
2024-08-02 17:39:50.469 [info] fatal: not a git repository (or any parent up to mount point /)
Stopping at filesystem boundary (GIT_DISCOVERY_ACROSS_FILESYSTEM not set).
2024-08-02 17:43:35.149 [info] > git rev-parse --show-toplevel [2ms]
2024-08-02 17:43:35.149 [info] fatal: not a git repository (or any parent up to mount point /)
Stopping at filesystem boundary (GIT_DISCOVERY_ACROSS_FILESYSTEM not set).
2024-08-02 17:44:08.941 [info] > git rev-parse --show-toplevel [1ms]
2024-08-02 17:44:08.941 [info] fatal: not a git repository (or any parent up to mount point /)
Stopping at filesystem boundary (GIT_DISCOVERY_ACROSS_FILESYSTEM not set).
2024-08-02 17:44:08.945 [info] > git rev-parse --show-toplevel [1ms]
2024-08-02 17:44:08.945 [info] fatal: not a git repository (or any parent up to mount point /)
Stopping at filesystem boundary (GIT_DISCOVERY_ACROSS_FILESYSTEM not set).
2024-08-02 17:44:13.671 [info] > git rev-parse --show-toplevel [1ms]
2024-08-02 17:44:13.671 [info] fatal: not a git repository (or any parent up to mount point /)
Stopping at filesystem boundary (GIT_DISCOVERY_ACROSS_FILESYSTEM not set).
2024-08-02 17:44:39.633 [info] > git rev-parse --show-toplevel [1ms]
2024-08-02 17:44:39.633 [info] fatal: not a git repository (or any parent up to mount point /)
Stopping at filesystem boundary (GIT_DISCOVERY_ACROSS_FILESYSTEM not set).
2024-08-02 17:44:39.637 [info] > git rev-parse --show-toplevel [1ms]
2024-08-02 17:44:39.637 [info] fatal: not a git repository (or any parent up to mount point /)
Stopping at filesystem boundary (GIT_DISCOVERY_ACROSS_FILESYSTEM not set).
2024-08-02 17:44:43.229 [info] > git rev-parse --show-toplevel [3ms]
2024-08-02 17:44:43.229 [info] fatal: not a git repository (or any parent up to mount point /)
Stopping at filesystem boundary (GIT_DISCOVERY_ACROSS_FILESYSTEM not set).
2024-08-02 17:44:43.247 [info] > git rev-parse --show-toplevel [2ms]
2024-08-02 17:44:43.247 [info] fatal: not a git repository (or any parent up to mount point /)
Stopping at filesystem boundary (GIT_DISCOVERY_ACROSS_FILESYSTEM not set).
2024-08-02 17:44:43.253 [info] > git rev-parse --show-toplevel [0ms]
2024-08-02 17:44:43.253 [info] fatal: not a git repository (or any parent up to mount point /)
Stopping at filesystem boundary (GIT_DISCOVERY_ACROSS_FILESYSTEM not set).
2024-08-02 17:44:43.684 [info] > git rev-parse --show-toplevel [2ms]
2024-08-02 17:44:43.684 [info] fatal: not a git repository (or any parent up to mount point /)
Stopping at filesystem boundary (GIT_DISCOVERY_ACROSS_FILESYSTEM not set).
2024-08-02 17:44:43.702 [info] > git rev-parse --show-toplevel [1ms]
2024-08-02 17:44:43.702 [info] fatal: not a git repository (or any parent up to mount point /)
Stopping at filesystem boundary (GIT_DISCOVERY_ACROSS_FILESYSTEM not set).
2024-08-02 17:44:45.354 [info] > git rev-parse --show-toplevel [1ms]
2024-08-02 17:44:45.354 [info] fatal: not a git repository (or any parent up to mount point /)
Stopping at filesystem boundary (GIT_DISCOVERY_ACROSS_FILESYSTEM not set).
2024-08-02 17:44:45.364 [info] > git rev-parse --show-toplevel [2ms]
2024-08-02 17:44:45.364 [info] fatal: not a git repository (or any parent up to mount point /)
Stopping at filesystem boundary (GIT_DISCOVERY_ACROSS_FILESYSTEM not set).
2024-08-02 17:44:45.368 [info] > git rev-parse --show-toplevel [0ms]
2024-08-02 17:44:45.368 [info] fatal: not a git repository (or any parent up to mount point /)
Stopping at filesystem boundary (GIT_DISCOVERY_ACROSS_FILESYSTEM not set).
2024-08-02 17:44:46.743 [info] > git rev-parse --show-toplevel [0ms]
2024-08-02 17:44:46.743 [info] fatal: not a git repository (or any parent up to mount point /)
Stopping at filesystem boundary (GIT_DISCOVERY_ACROSS_FILESYSTEM not set).
2024-08-02 17:44:48.954 [info] > git rev-parse --show-toplevel [2ms]
2024-08-02 17:44:48.954 [info] fatal: not a git repository (or any parent up to mount point /)
Stopping at filesystem boundary (GIT_DISCOVERY_ACROSS_FILESYSTEM not set).
2024-08-02 17:46:37.735 [info] > git rev-parse --show-toplevel [1ms]
2024-08-02 17:46:37.735 [info] fatal: not a git repository (or any parent up to mount point /)
Stopping at filesystem boundary (GIT_DISCOVERY_ACROSS_FILESYSTEM not set).
2024-08-02 17:52:20.861 [info] > git rev-parse --show-toplevel [1ms]
2024-08-02 17:52:20.861 [info] fatal: not a git repository (or any parent up to mount point /)
Stopping at filesystem boundary (GIT_DISCOVERY_ACROSS_FILESYSTEM not set).
2024-08-02 17:52:20.865 [info] > git rev-parse --show-toplevel [1ms]
2024-08-02 17:52:20.865 [info] fatal: not a git repository (or any parent up to mount point /)
Stopping at filesystem boundary (GIT_DISCOVERY_ACROSS_FILESYSTEM not set).
2024-08-02 17:52:23.628 [info] > git rev-parse --show-toplevel [0ms]
2024-08-02 17:52:23.628 [info] fatal: not a git repository (or any parent up to mount point /)
Stopping at filesystem boundary (GIT_DISCOVERY_ACROSS_FILESYSTEM not set).
2024-08-02 17:52:23.636 [info] > git rev-parse --show-toplevel [2ms]
2024-08-02 17:52:23.636 [info] fatal: not a git repository (or any parent up to mount point /)
Stopping at filesystem boundary (GIT_DISCOVERY_ACROSS_FILESYSTEM not set).
2024-08-02 17:52:23.639 [info] > git rev-parse --show-toplevel [0ms]
2024-08-02 17:52:23.639 [info] fatal: not a git repository (or any parent up to mount point /)
Stopping at filesystem boundary (GIT_DISCOVERY_ACROSS_FILESYSTEM not set).
2024-08-02 17:52:25.083 [info] > git rev-parse --show-toplevel [0ms]
2024-08-02 17:52:25.083 [info] fatal: not a git repository (or any parent up to mount point /)
Stopping at filesystem boundary (GIT_DISCOVERY_ACROSS_FILESYSTEM not set).
2024-08-02 17:52:32.474 [info] > git rev-parse --show-toplevel [1ms]
2024-08-02 17:52:32.474 [info] fatal: not a git repository (or any parent up to mount point /)
Stopping at filesystem boundary (GIT_DISCOVERY_ACROSS_FILESYSTEM not set).
2024-08-02 17:52:32.478 [info] > git rev-parse --show-toplevel [1ms]
2024-08-02 17:52:32.478 [info] fatal: not a git repository (or any parent up to mount point /)
Stopping at filesystem boundary (GIT_DISCOVERY_ACROSS_FILESYSTEM not set).
2024-08-02 17:52:33.868 [info] > git rev-parse --show-toplevel [3ms]
2024-08-02 17:52:33.868 [info] fatal: not a git repository (or any parent up to mount point /)
Stopping at filesystem boundary (GIT_DISCOVERY_ACROSS_FILESYSTEM not set).
2024-08-02 17:52:33.883 [info] > git rev-parse --show-toplevel [2ms]
2024-08-02 17:52:33.883 [info] fatal: not a git repository (or any parent up to mount point /)
Stopping at filesystem boundary (GIT_DISCOVERY_ACROSS_FILESYSTEM not set).
2024-08-02 17:52:33.888 [info] > git rev-parse --show-toplevel [1ms]
2024-08-02 17:52:33.888 [info] fatal: not a git repository (or any parent up to mount point /)
Stopping at filesystem boundary (GIT_DISCOVERY_ACROSS_FILESYSTEM not set).
2024-08-02 17:52:37.564 [info] > git rev-parse --show-toplevel [3ms]
2024-08-02 17:52:37.564 [info] fatal: not a git repository (or any parent up to mount point /)
Stopping at filesystem boundary (GIT_DISCOVERY_ACROSS_FILESYSTEM not set).
2024-08-02 19:14:27.844 [info] > git rev-parse --show-toplevel [1ms]
2024-08-02 19:14:27.844 [info] fatal: not a git repository (or any parent up to mount point /)
Stopping at filesystem boundary (GIT_DISCOVERY_ACROSS_FILESYSTEM not set).
2024-08-02 19:14:47.963 [info] > git rev-parse --show-toplevel [0ms]
2024-08-02 19:14:47.963 [info] fatal: not a git repository (or any parent up to mount point /)
Stopping at filesystem boundary (GIT_DISCOVERY_ACROSS_FILESYSTEM not set).
