2024-08-02 03:44:56.212 [info] Extension host with pid 18729 started
2024-08-02 03:44:56.332 [info] ExtensionService#_doActivateExtension vscode.git-base, startup: true, activationEvent: '*', root cause: vscode.git
2024-08-02 03:44:56.381 [info] ExtensionService#_doActivateExtension vscode.git, startup: true, activationEvent: '*'
2024-08-02 03:44:56.442 [info] ExtensionService#_doActivateExtension vscode.github, startup: true, activationEvent: '*'
2024-08-02 03:44:56.512 [info] Eager extensions activated
2024-08-02 03:44:56.518 [info] ExtensionService#_doActivateExtension vscode.debug-auto-launch, startup: false, activationEvent: 'onStartupFinished'
2024-08-02 03:44:56.519 [info] ExtensionService#_doActivateExtension vscode.merge-conflict, startup: false, activationEvent: 'onStartupFinished'
2024-08-02 03:45:13.028 [info] Extension host terminating: renderer closed the MessagePort
2024-08-02 03:45:13.037 [info] Extension host with pid 18729 exiting with code 0
2024-08-02 03:45:13.660 [info] Extension host with pid 18817 started
2024-08-02 03:45:13.660 [info] Skipping acquiring lock for /home/abhishek_asgola/Nap_Queens/~/vscode-root/User/workspaceStorage/693144f5ad7a5080f7136ba7bd8d7bcc.
2024-08-02 03:45:13.684 [info] ExtensionService#_doActivateExtension vscode.git-base, startup: true, activationEvent: '*'
2024-08-02 03:45:13.719 [info] ExtensionService#_doActivateExtension vscode.github, startup: true, activationEvent: '*'
2024-08-02 03:45:13.733 [info] Eager extensions activated
2024-08-02 03:45:13.736 [info] ExtensionService#_doActivateExtension vscode.debug-auto-launch, startup: false, activationEvent: 'onStartupFinished'
2024-08-02 03:45:13.737 [info] ExtensionService#_doActivateExtension vscode.merge-conflict, startup: false, activationEvent: 'onStartupFinished'
2024-08-02 03:45:17.015 [info] ExtensionService#_doActivateExtension vscode.git, startup: false, activationEvent: 'api', root cause: vscode.github
2024-08-02 03:46:16.942 [info] ExtensionService#_doActivateExtension vscode.configuration-editing, startup: false, activationEvent: 'onLanguage:jsonc'
2024-08-02 03:46:16.950 [info] ExtensionService#_doActivateExtension vscode.json-language-features, startup: false, activationEvent: 'onLanguage:jsonc'
2024-08-02 03:46:17.004 [info] ExtensionService#_doActivateExtension vscode.typescript-language-features, startup: false, activationEvent: 'onLanguage:jsonc'
2024-08-02 03:46:17.051 [info] ExtensionService#_doActivateExtension vscode.emmet, startup: false, activationEvent: 'onLanguage'
2024-08-02 03:53:30.876 [info] ExtensionService#_doActivateExtension vscode.extension-editing, startup: false, activationEvent: 'onLanguage:json'
2024-08-02 03:53:30.891 [info] ExtensionService#_doActivateExtension vscode.npm, startup: false, activationEvent: 'onLanguage:json'
2024-08-02 04:21:05.130 [info] ExtensionService#_doActivateExtension vscode.simple-browser, startup: false, activationEvent: 'onOpenExternalUri:https'
