2024-08-02 19:26:43.857 [info] Log level: Info
2024-08-02 19:26:43.857 [info] Validating found git in: "git"
2024-08-02 19:26:43.857 [info] Using git "2.34.1" from "git"
2024-08-02 19:26:43.857 [info] > git rev-parse --show-toplevel [10ms]
2024-08-02 19:26:43.857 [info] fatal: not a git repository (or any parent up to mount point /)
Stopping at filesystem boundary (GIT_DISCOVERY_ACROSS_FILESYSTEM not set).
2024-08-02 19:26:43.857 [info] > git rev-parse --show-toplevel [18ms]
2024-08-02 19:26:43.857 [info] fatal: not a git repository (or any parent up to mount point /)
Stopping at filesystem boundary (GIT_DISCOVERY_ACROSS_FILESYSTEM not set).
2024-08-02 19:26:43.857 [info] > git rev-parse --show-toplevel [15ms]
2024-08-02 19:26:43.857 [info] fatal: not a git repository (or any parent up to mount point /)
Stopping at filesystem boundary (GIT_DISCOVERY_ACROSS_FILESYSTEM not set).
2024-08-02 19:26:43.866 [info] > git rev-parse --show-toplevel [2ms]
2024-08-02 19:26:43.866 [info] fatal: not a git repository (or any parent up to mount point /)
Stopping at filesystem boundary (GIT_DISCOVERY_ACROSS_FILESYSTEM not set).
2024-08-02 19:26:43.874 [info] > git rev-parse --show-toplevel [2ms]
2024-08-02 19:26:43.874 [info] fatal: not a git repository (or any parent up to mount point /)
Stopping at filesystem boundary (GIT_DISCOVERY_ACROSS_FILESYSTEM not set).
2024-08-02 19:26:44.002 [info] > git rev-parse --show-toplevel [3ms]
2024-08-02 19:26:44.003 [info] fatal: not a git repository (or any parent up to mount point /)
Stopping at filesystem boundary (GIT_DISCOVERY_ACROSS_FILESYSTEM not set).
2024-08-02 19:26:45.097 [info] > git rev-parse --show-toplevel [2ms]
2024-08-02 19:26:45.097 [info] fatal: not a git repository (or any parent up to mount point /)
Stopping at filesystem boundary (GIT_DISCOVERY_ACROSS_FILESYSTEM not set).
