2024-08-02 19:18:08.249 [info] Added views:workbench.panel.markers.view in workbench.panel.markers
2024-08-02 19:18:08.249 [info] Added views:workbench.panel.output in workbench.panel.output
2024-08-02 19:18:08.249 [info] Added views:terminal in terminal
2024-08-02 19:18:08.249 [info] Added views:outline in workbench.view.explorer
2024-08-02 19:18:08.249 [info] Added views:workbench.scm in workbench.view.scm
2024-08-02 19:18:08.249 [info] Added views:workbench.view.search in workbench.view.search
2024-08-02 19:18:08.249 [info] Added views:timeline in workbench.view.explorer
2024-08-02 19:18:08.249 [info] Added views:workbench.explorer.fileView in workbench.view.explorer
2024-08-02 19:18:08.527 [info] Added views:workbench.debug.variablesView,workbench.debug.watchExpressionsView,workbench.debug.callStackView,workbench.debug.breakPointsView in workbench.view.debug
2024-08-02 19:18:08.768 [info] Added views:workbench.panel.repl.view in workbench.panel.repl
2024-08-02 19:18:08.769 [info] Removed views:workbench.debug.breakPointsView,workbench.debug.callStackView,workbench.debug.watchExpressionsView,workbench.debug.variablesView from workbench.view.debug
2024-08-02 19:18:08.770 [info] Added views:workbench.debug.welcome in workbench.view.debug
2024-08-02 19:18:08.863 [info] Added views:~remote.forwardedPorts in ~remote.forwardedPortsContainer
2024-08-02 19:18:13.489 [info] Added views:blackbox-onboarding in workbench.view.extension.blackbox
2024-08-02 19:18:13.715 [info] Added views:terminal.search.view in workbench.view.extension.blackbox-terminal
2024-08-02 19:19:03.043 [info] Added views:workbench.views.extensions.installed,workbench.views.extensions.popular,extensions.recommendedList in workbench.view.extensions
2024-08-02 19:19:03.045 [info] Removed views:workbench.views.extensions.popular from workbench.view.extensions
2024-08-02 19:20:46.211 [info] Removed views:terminal.search.view from workbench.view.extension.blackbox-terminal
2024-08-02 19:20:46.218 [info] Added views:terminal.search.view in workbench.view.explorer
2024-08-02 19:20:46.220 [info] Removed views:blackbox-onboarding from workbench.view.extension.blackbox
2024-08-02 19:20:46.224 [info] Added views:blackbox-onboarding in workbench.view.explorer
2024-08-02 19:20:46.226 [info] Removed views:blackbox-onboarding,terminal.search.view from workbench.view.explorer
2024-08-02 19:20:46.400 [info] Removed views:workbench.panel.repl.view from workbench.panel.repl
2024-08-02 19:20:46.477 [info] Added views:workbench.panel.repl.view in workbench.panel.repl
2024-08-02 19:20:48.938 [info] Added views:blackbox-onboarding in workbench.view.extension.blackbox
2024-08-02 19:20:48.939 [info] Added views:terminal.search.view in workbench.view.extension.blackbox-terminal
