2024-08-02 19:18:13.754 [info] Log level: Info
2024-08-02 19:18:13.754 [info] Validating found git in: "git"
2024-08-02 19:18:13.754 [info] Using git "2.34.1" from "git"
2024-08-02 19:18:13.754 [info] > git rev-parse --show-toplevel [12ms]
2024-08-02 19:18:13.754 [info] fatal: not a git repository (or any parent up to mount point /)
Stopping at filesystem boundary (GIT_DISCOVERY_ACROSS_FILESYSTEM not set).
2024-08-02 19:18:13.755 [info] > git rev-parse --show-toplevel [2ms]
2024-08-02 19:18:13.755 [info] fatal: not a git repository (or any parent up to mount point /)
Stopping at filesystem boundary (GIT_DISCOVERY_ACROSS_FILESYSTEM not set).
2024-08-02 19:18:13.758 [info] > git rev-parse --show-toplevel [0ms]
2024-08-02 19:18:13.758 [info] fatal: not a git repository (or any parent up to mount point /)
Stopping at filesystem boundary (GIT_DISCOVERY_ACROSS_FILESYSTEM not set).
2024-08-02 19:18:37.656 [info] > git rev-parse --show-toplevel [1ms]
2024-08-02 19:18:37.656 [info] fatal: not a git repository (or any parent up to mount point /)
Stopping at filesystem boundary (GIT_DISCOVERY_ACROSS_FILESYSTEM not set).
2024-08-02 19:20:46.552 [info] Log level: Info
2024-08-02 19:20:46.552 [info] Validating found git in: "git"
2024-08-02 19:20:46.552 [info] Using git "2.34.1" from "git"
2024-08-02 19:20:46.552 [info] > git rev-parse --show-toplevel [5ms]
2024-08-02 19:20:46.552 [info] fatal: not a git repository (or any parent up to mount point /)
Stopping at filesystem boundary (GIT_DISCOVERY_ACROSS_FILESYSTEM not set).
2024-08-02 19:20:46.558 [info] > git rev-parse --show-toplevel [3ms]
2024-08-02 19:20:46.558 [info] fatal: not a git repository (or any parent up to mount point /)
Stopping at filesystem boundary (GIT_DISCOVERY_ACROSS_FILESYSTEM not set).
2024-08-02 19:20:46.568 [info] > git rev-parse --show-toplevel [7ms]
2024-08-02 19:20:46.568 [info] fatal: not a git repository (or any parent up to mount point /)
Stopping at filesystem boundary (GIT_DISCOVERY_ACROSS_FILESYSTEM not set).
2024-08-02 19:22:04.529 [info] > git rev-parse --show-toplevel [1ms]
2024-08-02 19:22:04.529 [info] fatal: not a git repository (or any parent up to mount point /)
Stopping at filesystem boundary (GIT_DISCOVERY_ACROSS_FILESYSTEM not set).
